{"level":30,"time":1720436499648,"pid":51020,"hostname":"DESKTOP-2CN94RD","app":"express_server","msg":"Server successfully started on port: 3001"}
{"level":30,"time":1720436914047,"pid":41140,"hostname":"DESKTOP-2CN94RD","app":"express_server","msg":"Server successfully started on port: 3001"}
{"level":30,"time":1720436962663,"pid":57792,"hostname":"DESKTOP-2CN94RD","app":"express_server","msg":"Server successfully started on port: 3001"}
{"level":30,"time":1720437004119,"pid":39872,"hostname":"DESKTOP-2CN94RD","app":"express_server","msg":"Server successfully started on port: 3001"}
{"level":30,"time":1720437009734,"pid":50308,"hostname":"DESKTOP-2CN94RD","app":"express_server","msg":"Server successfully started on port: 3001"}
{"level":30,"time":1720437031347,"pid":51448,"hostname":"DESKTOP-2CN94RD","app":"express_server","msg":"Server successfully started on port: 3001"}
{"level":30,"time":1720437071751,"pid":7920,"hostname":"DESKTOP-2CN94RD","app":"express_server","msg":"Server successfully started on port: 3001"}
{"level":30,"time":1720437253024,"pid":38012,"hostname":"DESKTOP-2CN94RD","app":"express_server","msg":"Server successfully started on port: 3001"}
{"level":30,"time":1720437257728,"pid":38800,"hostname":"DESKTOP-2CN94RD","app":"express_server","msg":"Server successfully started on port: 3001"}
{"level":30,"time":1720437304051,"pid":53344,"hostname":"DESKTOP-2CN94RD","app":"express_server","msg":"Server successfully started on port: 3001"}
{"level":30,"time":1720437405108,"pid":11284,"hostname":"DESKTOP-2CN94RD","app":"express_server","msg":"Server successfully started on port: 3001"}
{"level":30,"time":1720437440157,"pid":60032,"hostname":"DESKTOP-2CN94RD","app":"express_server","msg":"Server successfully started on port: 3001"}
{"level":30,"time":1720437445146,"pid":46564,"hostname":"DESKTOP-2CN94RD","app":"express_server","msg":"Server successfully started on port: 3001"}
{"level":30,"time":1720437457505,"pid":39596,"hostname":"DESKTOP-2CN94RD","app":"express_server","msg":"Server successfully started on port: 3001"}
{"level":30,"time":1720437505701,"pid":58040,"hostname":"DESKTOP-2CN94RD","app":"express_server","msg":"Server successfully started on port: 3001"}
{"level":30,"time":1720437509951,"pid":39104,"hostname":"DESKTOP-2CN94RD","app":"express_server","msg":"Server successfully started on port: 3001"}
{"level":30,"time":1720437571699,"pid":6964,"hostname":"DESKTOP-2CN94RD","app":"express_server","msg":"Server successfully started on port: 3001"}
{"level":30,"time":1720437593251,"pid":49144,"hostname":"DESKTOP-2CN94RD","app":"express_server","msg":"Server successfully started on port: 3001"}
{"level":30,"time":1720437633882,"pid":52316,"hostname":"DESKTOP-2CN94RD","app":"express_server","msg":"Server successfully started on port: 3001"}
{"level":30,"time":1720437700521,"pid":50928,"hostname":"DESKTOP-2CN94RD","app":"express_server","msg":"Server successfully started on port: 3001"}
{"level":30,"time":1720437725879,"pid":23748,"hostname":"DESKTOP-2CN94RD","app":"express_server","msg":"Server successfully started on port: 3001"}
{"level":30,"time":1722518265363,"pid":44996,"hostname":"DESKTOP-2CN94RD","app":"express_server","msg":"Server successfully started on port: 3001"}
{"level":50,"time":1722518269785,"pid":44996,"hostname":"DESKTOP-2CN94RD","app":"express_server","msg":"QueryFailedError: ошибка синтаксиса (примерное положение: \":\")\n    at PostgresQueryRunner.query (F:\\Projects\\backend_course\\server\\node_modules\\typeorm\\src\\driver\\postgres\\PostgresQueryRunner.ts:331:19)\n    at processTicksAndRejections (node:internal/process/task_queues:95:5)\n    at async SelectQueryBuilder.loadRawResults (F:\\Projects\\backend_course\\server\\node_modules\\src\\query-builder\\SelectQueryBuilder.ts:3805:25)\n    at async SelectQueryBuilder.getRawMany (F:\\Projects\\backend_course\\server\\node_modules\\src\\query-builder\\SelectQueryBuilder.ts:1626:29)"}
{"level":30,"time":1722518410459,"pid":25456,"hostname":"DESKTOP-2CN94RD","app":"express_server","msg":"Server successfully started on port: 3001"}
{"level":30,"time":1722518415623,"pid":47292,"hostname":"DESKTOP-2CN94RD","app":"express_server","msg":"Server successfully started on port: 3001"}
{"level":30,"time":1722518429785,"pid":34804,"hostname":"DESKTOP-2CN94RD","app":"express_server","msg":"Server successfully started on port: 3001"}
{"level":30,"time":1722518434961,"pid":26684,"hostname":"DESKTOP-2CN94RD","app":"express_server","msg":"Server successfully started on port: 3001"}
{"level":30,"time":1722518447565,"pid":20824,"hostname":"DESKTOP-2CN94RD","app":"express_server","msg":"Server successfully started on port: 3001"}
{"level":30,"time":1722518530560,"pid":49540,"hostname":"DESKTOP-2CN94RD","app":"express_server","msg":"Server successfully started on port: 3001"}
{"level":30,"time":1722518534322,"pid":22920,"hostname":"DESKTOP-2CN94RD","app":"express_server","msg":"Server successfully started on port: 3001"}
{"level":30,"time":1722682922394,"pid":53312,"hostname":"DESKTOP-2CN94RD","app":"express_server","msg":"Server successfully started on port: 3001"}
{"level":50,"time":1722682941296,"pid":53312,"hostname":"DESKTOP-2CN94RD","app":"express_server","msg":"TypeORMError: Relation with property path messages in entity was not found.\n    at JoinAttribute.getValue (F:\\Projects\\backend_course\\server\\node_modules\\src\\query-builder\\JoinAttribute.ts:187:23)\n    at JoinAttribute.get relation [as relation] (F:\\Projects\\backend_course\\server\\node_modules\\src\\query-builder\\JoinAttribute.ts:191:53)\n    at JoinAttribute.get metadata [as metadata] (F:\\Projects\\backend_course\\server\\node_modules\\src\\query-builder\\JoinAttribute.ts:203:18)\n    at SelectQueryBuilder.join (F:\\Projects\\backend_course\\server\\node_modules\\src\\query-builder\\SelectQueryBuilder.ts:2038:53)\n    at SelectQueryBuilder.leftJoin (F:\\Projects\\backend_course\\server\\node_modules\\src\\query-builder\\SelectQueryBuilder.ts:467:14)\n    at SelectQueryBuilder.leftJoinAndSelect (F:\\Projects\\backend_course\\server\\node_modules\\src\\query-builder\\SelectQueryBuilder.ts:607:14)\n    at ChatService.<anonymous> (F:\\Projects\\backend_course\\server\\src\\services\\chat.service.ts:10:8)\n    at Generator.next (<anonymous>)\n    at F:\\Projects\\backend_course\\server\\src\\services\\chat.service.ts:8:71\n    at new Promise (<anonymous>)"}
{"level":30,"time":1722683008647,"pid":32468,"hostname":"DESKTOP-2CN94RD","app":"express_server","msg":"Server successfully started on port: 3001"}
{"level":50,"time":1722683010631,"pid":32468,"hostname":"DESKTOP-2CN94RD","app":"express_server","msg":"TypeORMError: Relation with property path messages in entity was not found.\n    at JoinAttribute.getValue (F:\\Projects\\backend_course\\server\\node_modules\\src\\query-builder\\JoinAttribute.ts:187:23)\n    at JoinAttribute.get relation [as relation] (F:\\Projects\\backend_course\\server\\node_modules\\src\\query-builder\\JoinAttribute.ts:191:53)\n    at JoinAttribute.get metadata [as metadata] (F:\\Projects\\backend_course\\server\\node_modules\\src\\query-builder\\JoinAttribute.ts:203:18)\n    at SelectQueryBuilder.join (F:\\Projects\\backend_course\\server\\node_modules\\src\\query-builder\\SelectQueryBuilder.ts:2038:53)\n    at SelectQueryBuilder.leftJoin (F:\\Projects\\backend_course\\server\\node_modules\\src\\query-builder\\SelectQueryBuilder.ts:467:14)\n    at SelectQueryBuilder.leftJoinAndSelect (F:\\Projects\\backend_course\\server\\node_modules\\src\\query-builder\\SelectQueryBuilder.ts:607:14)\n    at ChatService.<anonymous> (F:\\Projects\\backend_course\\server\\src\\services\\chat.service.ts:10:8)\n    at Generator.next (<anonymous>)\n    at F:\\Projects\\backend_course\\server\\src\\services\\chat.service.ts:8:71\n    at new Promise (<anonymous>)"}
{"level":30,"time":1722683032988,"pid":43584,"hostname":"DESKTOP-2CN94RD","app":"express_server","msg":"Server successfully started on port: 3001"}
{"level":30,"time":1722683244226,"pid":53936,"hostname":"DESKTOP-2CN94RD","app":"express_server","msg":"Server successfully started on port: 3001"}
{"level":30,"time":1722683270708,"pid":44192,"hostname":"DESKTOP-2CN94RD","app":"express_server","msg":"Server successfully started on port: 3001"}
{"level":30,"time":1722683288332,"pid":53528,"hostname":"DESKTOP-2CN94RD","app":"express_server","msg":"Server successfully started on port: 3001"}
{"level":30,"time":1722683310021,"pid":23076,"hostname":"DESKTOP-2CN94RD","app":"express_server","msg":"Server successfully started on port: 3001"}
{"level":30,"time":1722683315573,"pid":53660,"hostname":"DESKTOP-2CN94RD","app":"express_server","msg":"Server successfully started on port: 3001"}
{"level":30,"time":1722683320536,"pid":13776,"hostname":"DESKTOP-2CN94RD","app":"express_server","msg":"Server successfully started on port: 3001"}
{"level":30,"time":1722683395807,"pid":26972,"hostname":"DESKTOP-2CN94RD","app":"express_server","msg":"Server successfully started on port: 3001"}
{"level":30,"time":1722683421683,"pid":28084,"hostname":"DESKTOP-2CN94RD","app":"express_server","msg":"Server successfully started on port: 3001"}
{"level":30,"time":1722683437522,"pid":48212,"hostname":"DESKTOP-2CN94RD","app":"express_server","msg":"Server successfully started on port: 3001"}
{"level":30,"time":1722683453306,"pid":53836,"hostname":"DESKTOP-2CN94RD","app":"express_server","msg":"Server successfully started on port: 3001"}
{"level":30,"time":1722683456785,"pid":42160,"hostname":"DESKTOP-2CN94RD","app":"express_server","msg":"Server successfully started on port: 3001"}
{"level":30,"time":1722683461544,"pid":5528,"hostname":"DESKTOP-2CN94RD","app":"express_server","msg":"Server successfully started on port: 3001"}
{"level":50,"time":1722683465868,"pid":5528,"hostname":"DESKTOP-2CN94RD","app":"express_server","msg":"QueryFailedError: столбец \"message.id\" должен фигурировать в предложении GROUP BY или использоваться в агрегатной функции\n    at PostgresQueryRunner.query (F:\\Projects\\backend_course\\server\\node_modules\\typeorm\\src\\driver\\postgres\\PostgresQueryRunner.ts:331:19)\n    at processTicksAndRejections (node:internal/process/task_queues:95:5)\n    at async SelectQueryBuilder.loadRawResults (F:\\Projects\\backend_course\\server\\node_modules\\src\\query-builder\\SelectQueryBuilder.ts:3805:25)\n    at async SelectQueryBuilder.getRawMany (F:\\Projects\\backend_course\\server\\node_modules\\src\\query-builder\\SelectQueryBuilder.ts:1626:29)"}
{"level":30,"time":1722683479429,"pid":44256,"hostname":"DESKTOP-2CN94RD","app":"express_server","msg":"Server successfully started on port: 3001"}
{"level":30,"time":1722683482875,"pid":44740,"hostname":"DESKTOP-2CN94RD","app":"express_server","msg":"Server successfully started on port: 3001"}
{"level":30,"time":1722683487531,"pid":54256,"hostname":"DESKTOP-2CN94RD","app":"express_server","msg":"Server successfully started on port: 3001"}
{"level":30,"time":1722683499548,"pid":45756,"hostname":"DESKTOP-2CN94RD","app":"express_server","msg":"Server successfully started on port: 3001"}
{"level":30,"time":1722683867061,"pid":53896,"hostname":"DESKTOP-2CN94RD","app":"express_server","msg":"Server successfully started on port: 3001"}
{"level":30,"time":1722683870146,"pid":32128,"hostname":"DESKTOP-2CN94RD","app":"express_server","msg":"Server successfully started on port: 3001"}
{"level":30,"time":1722683875271,"pid":38932,"hostname":"DESKTOP-2CN94RD","app":"express_server","msg":"Server successfully started on port: 3001"}
{"level":30,"time":1722683890959,"pid":43368,"hostname":"DESKTOP-2CN94RD","app":"express_server","msg":"Server successfully started on port: 3001"}
{"level":30,"time":1722683927396,"pid":36456,"hostname":"DESKTOP-2CN94RD","app":"express_server","msg":"Server successfully started on port: 3001"}
{"level":30,"time":1722684570844,"pid":47516,"hostname":"DESKTOP-2CN94RD","app":"express_server","msg":"Server successfully started on port: 3001"}
{"level":30,"time":1722684689504,"pid":34028,"hostname":"DESKTOP-2CN94RD","app":"express_server","msg":"Server successfully started on port: 3001"}
{"level":30,"time":1722684707760,"pid":23016,"hostname":"DESKTOP-2CN94RD","app":"express_server","msg":"Server successfully started on port: 3001"}
{"level":30,"time":1722684715293,"pid":52592,"hostname":"DESKTOP-2CN94RD","app":"express_server","msg":"Server successfully started on port: 3001"}
{"level":50,"time":1722684715362,"pid":52592,"hostname":"DESKTOP-2CN94RD","app":"express_server","msg":"QueryFailedError: столбец message.created_at не существует\n    at PostgresQueryRunner.query (F:\\Projects\\backend_course\\server\\node_modules\\typeorm\\src\\driver\\postgres\\PostgresQueryRunner.ts:331:19)\n    at processTicksAndRejections (node:internal/process/task_queues:95:5)\n    at async SelectQueryBuilder.loadRawResults (F:\\Projects\\backend_course\\server\\node_modules\\src\\query-builder\\SelectQueryBuilder.ts:3805:25)\n    at async SelectQueryBuilder.getRawMany (F:\\Projects\\backend_course\\server\\node_modules\\src\\query-builder\\SelectQueryBuilder.ts:1626:29)"}
{"level":30,"time":1722684835135,"pid":23648,"hostname":"DESKTOP-2CN94RD","app":"express_server","msg":"Server successfully started on port: 3001"}
{"level":50,"time":1722684836783,"pid":23648,"hostname":"DESKTOP-2CN94RD","app":"express_server","msg":"QueryFailedError: выражения SELECT DISTINCT ON должны соответствовать начальным выражениям ORDER BY\n    at PostgresQueryRunner.query (F:\\Projects\\backend_course\\server\\node_modules\\typeorm\\src\\driver\\postgres\\PostgresQueryRunner.ts:331:19)\n    at processTicksAndRejections (node:internal/process/task_queues:95:5)\n    at async SelectQueryBuilder.loadRawResults (F:\\Projects\\backend_course\\server\\node_modules\\src\\query-builder\\SelectQueryBuilder.ts:3805:25)\n    at async SelectQueryBuilder.getRawMany (F:\\Projects\\backend_course\\server\\node_modules\\src\\query-builder\\SelectQueryBuilder.ts:1626:29)"}
{"level":30,"time":1722684861622,"pid":48640,"hostname":"DESKTOP-2CN94RD","app":"express_server","msg":"Server successfully started on port: 3001"}
{"level":30,"time":1722684867936,"pid":32652,"hostname":"DESKTOP-2CN94RD","app":"express_server","msg":"Server successfully started on port: 3001"}
{"level":30,"time":1722684879367,"pid":54168,"hostname":"DESKTOP-2CN94RD","app":"express_server","msg":"Server successfully started on port: 3001"}
{"level":30,"time":1722684950873,"pid":49992,"hostname":"DESKTOP-2CN94RD","app":"express_server","msg":"Server successfully started on port: 3001"}
{"level":30,"time":1722685009044,"pid":22096,"hostname":"DESKTOP-2CN94RD","app":"express_server","msg":"Server successfully started on port: 3001"}
{"level":30,"time":1722685020995,"pid":53312,"hostname":"DESKTOP-2CN94RD","app":"express_server","msg":"Server successfully started on port: 3001"}
{"level":30,"time":1722685136935,"pid":46112,"hostname":"DESKTOP-2CN94RD","app":"express_server","msg":"Server successfully started on port: 3001"}
{"level":30,"time":1722685160950,"pid":39616,"hostname":"DESKTOP-2CN94RD","app":"express_server","msg":"Server successfully started on port: 3001"}
{"level":30,"time":1722685207723,"pid":12172,"hostname":"DESKTOP-2CN94RD","app":"express_server","msg":"Server successfully started on port: 3001"}
{"level":30,"time":1722685212288,"pid":44580,"hostname":"DESKTOP-2CN94RD","app":"express_server","msg":"Server successfully started on port: 3001"}
{"level":30,"time":1722685222054,"pid":16452,"hostname":"DESKTOP-2CN94RD","app":"express_server","msg":"Server successfully started on port: 3001"}
{"level":30,"time":1722685398726,"pid":52688,"hostname":"DESKTOP-2CN94RD","app":"express_server","msg":"Server successfully started on port: 3001"}
{"level":30,"time":1722685416341,"pid":50064,"hostname":"DESKTOP-2CN94RD","app":"express_server","msg":"Server successfully started on port: 3001"}
{"level":30,"time":1722685475371,"pid":33932,"hostname":"DESKTOP-2CN94RD","app":"express_server","msg":"Server successfully started on port: 3001"}
{"level":30,"time":1722685485265,"pid":40448,"hostname":"DESKTOP-2CN94RD","app":"express_server","msg":"Server successfully started on port: 3001"}
{"level":30,"time":1722685574220,"pid":49756,"hostname":"DESKTOP-2CN94RD","app":"express_server","msg":"Server successfully started on port: 3001"}
{"level":30,"time":1722685605845,"pid":32764,"hostname":"DESKTOP-2CN94RD","app":"express_server","msg":"Server successfully started on port: 3001"}
{"level":30,"time":1722685652744,"pid":43648,"hostname":"DESKTOP-2CN94RD","app":"express_server","msg":"Server successfully started on port: 3001"}
{"level":30,"time":1722685662615,"pid":37960,"hostname":"DESKTOP-2CN94RD","app":"express_server","msg":"Server successfully started on port: 3001"}
{"level":30,"time":1722685678047,"pid":52688,"hostname":"DESKTOP-2CN94RD","app":"express_server","msg":"Server successfully started on port: 3001"}
{"level":30,"time":1722685809429,"pid":13508,"hostname":"DESKTOP-2CN94RD","app":"express_server","msg":"Server successfully started on port: 3001"}
{"level":30,"time":1722686054448,"pid":53748,"hostname":"DESKTOP-2CN94RD","app":"express_server","msg":"Server successfully started on port: 3001"}
{"level":30,"time":1722686071924,"pid":32472,"hostname":"DESKTOP-2CN94RD","app":"express_server","msg":"Server successfully started on port: 3001"}
{"level":30,"time":1722686077371,"pid":38556,"hostname":"DESKTOP-2CN94RD","app":"express_server","msg":"Server successfully started on port: 3001"}
{"level":30,"time":1722686111023,"pid":39868,"hostname":"DESKTOP-2CN94RD","app":"express_server","msg":"Server successfully started on port: 3001"}
{"level":30,"time":1722686120714,"pid":48940,"hostname":"DESKTOP-2CN94RD","app":"express_server","msg":"Server successfully started on port: 3001"}
{"level":30,"time":1722686147991,"pid":37668,"hostname":"DESKTOP-2CN94RD","app":"express_server","msg":"Server successfully started on port: 3001"}
{"level":30,"time":1722686165399,"pid":49344,"hostname":"DESKTOP-2CN94RD","app":"express_server","msg":"Server successfully started on port: 3001"}
{"level":30,"time":1722686168665,"pid":9728,"hostname":"DESKTOP-2CN94RD","app":"express_server","msg":"Server successfully started on port: 3001"}
{"level":30,"time":1722686187054,"pid":35212,"hostname":"DESKTOP-2CN94RD","app":"express_server","msg":"Server successfully started on port: 3001"}
{"level":30,"time":1722686577753,"pid":22280,"hostname":"DESKTOP-2CN94RD","app":"express_server","msg":"Server successfully started on port: 3001"}
{"level":30,"time":1722686586102,"pid":54072,"hostname":"DESKTOP-2CN94RD","app":"express_server","msg":"Server successfully started on port: 3001"}
{"level":30,"time":1722686732008,"pid":16612,"hostname":"DESKTOP-2CN94RD","app":"express_server","msg":"Server successfully started on port: 3001"}
{"level":30,"time":1722686740257,"pid":17164,"hostname":"DESKTOP-2CN94RD","app":"express_server","msg":"Server successfully started on port: 3001"}
{"level":30,"time":1722686766318,"pid":31720,"hostname":"DESKTOP-2CN94RD","app":"express_server","msg":"Server successfully started on port: 3001"}
{"level":30,"time":1722686778021,"pid":49124,"hostname":"DESKTOP-2CN94RD","app":"express_server","msg":"Server successfully started on port: 3001"}
{"level":30,"time":1722686783775,"pid":6228,"hostname":"DESKTOP-2CN94RD","app":"express_server","msg":"Server successfully started on port: 3001"}
{"level":30,"time":1722686803556,"pid":33716,"hostname":"DESKTOP-2CN94RD","app":"express_server","msg":"Server successfully started on port: 3001"}
{"level":30,"time":1722686809296,"pid":48980,"hostname":"DESKTOP-2CN94RD","app":"express_server","msg":"Server successfully started on port: 3001"}
{"level":30,"time":1722686873375,"pid":36884,"hostname":"DESKTOP-2CN94RD","app":"express_server","msg":"Server successfully started on port: 3001"}
{"level":30,"time":1722686883865,"pid":25512,"hostname":"DESKTOP-2CN94RD","app":"express_server","msg":"Server successfully started on port: 3001"}
{"level":30,"time":1722686904539,"pid":19428,"hostname":"DESKTOP-2CN94RD","app":"express_server","msg":"Server successfully started on port: 3001"}
{"level":30,"time":1722686908789,"pid":17900,"hostname":"DESKTOP-2CN94RD","app":"express_server","msg":"Server successfully started on port: 3001"}
{"level":30,"time":1722686940694,"pid":48692,"hostname":"DESKTOP-2CN94RD","app":"express_server","msg":"Server successfully started on port: 3001"}
{"level":30,"time":1722687098509,"pid":41452,"hostname":"DESKTOP-2CN94RD","app":"express_server","msg":"Server successfully started on port: 3001"}
{"level":30,"time":1722687110380,"pid":42312,"hostname":"DESKTOP-2CN94RD","app":"express_server","msg":"Server successfully started on port: 3001"}
{"level":50,"time":1722687264070,"pid":42312,"hostname":"DESKTOP-2CN94RD","app":"express_server","msg":"SyntaxError: Expected double-quoted property name in JSON at position 207\n    at JSON.parse (<anonymous>)\n    at parse (F:\\Projects\\backend_course\\server\\node_modules\\body-parser\\lib\\types\\json.js:92:19)\n    at F:\\Projects\\backend_course\\server\\node_modules\\body-parser\\lib\\read.js:128:18\n    at AsyncResource.runInAsyncScope (node:async_hooks:206:9)\n    at invokeCallback (F:\\Projects\\backend_course\\server\\node_modules\\raw-body\\index.js:238:16)\n    at done (F:\\Projects\\backend_course\\server\\node_modules\\raw-body\\index.js:227:7)\n    at IncomingMessage.onEnd (F:\\Projects\\backend_course\\server\\node_modules\\raw-body\\index.js:287:7)\n    at IncomingMessage.emit (node:events:514:28)\n    at IncomingMessage.emit (node:domain:488:12)\n    at endReadableNT (node:internal/streams/readable:1408:12)"}
{"level":30,"time":1722687295519,"pid":26844,"hostname":"DESKTOP-2CN94RD","app":"express_server","msg":"Server successfully started on port: 3001"}
{"level":30,"time":1722687303002,"pid":52156,"hostname":"DESKTOP-2CN94RD","app":"express_server","msg":"Server successfully started on port: 3001"}
{"level":30,"time":1722691728052,"pid":45664,"hostname":"DESKTOP-2CN94RD","app":"express_server","msg":"Server successfully started on port: 3001"}
{"level":30,"time":1722691937530,"pid":40868,"hostname":"DESKTOP-2CN94RD","app":"express_server","msg":"Server successfully started on port: 3001"}
{"level":30,"time":1722691982523,"pid":28184,"hostname":"DESKTOP-2CN94RD","app":"express_server","msg":"Server successfully started on port: 3001"}
{"level":30,"time":1722692105575,"pid":44968,"hostname":"DESKTOP-2CN94RD","app":"express_server","msg":"Server successfully started on port: 3001"}
{"level":30,"time":1722692206853,"pid":50568,"hostname":"DESKTOP-2CN94RD","app":"express_server","msg":"Server successfully started on port: 3001"}
{"level":30,"time":1722692228701,"pid":42704,"hostname":"DESKTOP-2CN94RD","app":"express_server","msg":"Server successfully started on port: 3001"}
{"level":30,"time":1722692232743,"pid":51536,"hostname":"DESKTOP-2CN94RD","app":"express_server","msg":"Server successfully started on port: 3001"}
{"level":30,"time":1722692315834,"pid":32408,"hostname":"DESKTOP-2CN94RD","app":"express_server","msg":"Server successfully started on port: 3001"}
{"level":30,"time":1722692406541,"pid":55008,"hostname":"DESKTOP-2CN94RD","app":"express_server","msg":"Server successfully started on port: 3001"}
{"level":30,"time":1722692415378,"pid":49880,"hostname":"DESKTOP-2CN94RD","app":"express_server","msg":"Server successfully started on port: 3001"}
{"level":30,"time":1722692429497,"pid":47620,"hostname":"DESKTOP-2CN94RD","app":"express_server","msg":"Server successfully started on port: 3001"}
{"level":30,"time":1722692531345,"pid":53740,"hostname":"DESKTOP-2CN94RD","app":"express_server","msg":"Server successfully started on port: 3001"}
{"level":30,"time":1722692536753,"pid":54736,"hostname":"DESKTOP-2CN94RD","app":"express_server","msg":"Server successfully started on port: 3001"}
{"level":30,"time":1722692626900,"pid":55108,"hostname":"DESKTOP-2CN94RD","app":"express_server","msg":"Server successfully started on port: 3001"}
{"level":30,"time":1722692707373,"pid":19452,"hostname":"DESKTOP-2CN94RD","app":"express_server","msg":"Server successfully started on port: 3001"}
{"level":30,"time":1722692725495,"pid":50892,"hostname":"DESKTOP-2CN94RD","app":"express_server","msg":"Server successfully started on port: 3001"}
{"level":30,"time":1722692728999,"pid":52176,"hostname":"DESKTOP-2CN94RD","app":"express_server","msg":"Server successfully started on port: 3001"}
{"level":30,"time":1722692737280,"pid":54728,"hostname":"DESKTOP-2CN94RD","app":"express_server","msg":"Server successfully started on port: 3001"}
{"level":30,"time":1722692742999,"pid":23088,"hostname":"DESKTOP-2CN94RD","app":"express_server","msg":"Server successfully started on port: 3001"}
{"level":30,"time":1722692804348,"pid":45664,"hostname":"DESKTOP-2CN94RD","app":"express_server","msg":"Server successfully started on port: 3001"}
{"level":30,"time":1722692873646,"pid":35464,"hostname":"DESKTOP-2CN94RD","app":"express_server","msg":"Server successfully started on port: 3001"}
{"level":30,"time":1722692892330,"pid":45664,"hostname":"DESKTOP-2CN94RD","app":"express_server","msg":"Server successfully started on port: 3001"}
{"level":30,"time":1722692896720,"pid":41924,"hostname":"DESKTOP-2CN94RD","app":"express_server","msg":"Server successfully started on port: 3001"}
{"level":30,"time":1722692933322,"pid":47672,"hostname":"DESKTOP-2CN94RD","app":"express_server","msg":"Server successfully started on port: 3001"}
{"level":30,"time":1722692938325,"pid":54332,"hostname":"DESKTOP-2CN94RD","app":"express_server","msg":"Server successfully started on port: 3001"}
{"level":30,"time":1722692945205,"pid":22728,"hostname":"DESKTOP-2CN94RD","app":"express_server","msg":"Server successfully started on port: 3001"}
{"level":30,"time":1722692954548,"pid":47476,"hostname":"DESKTOP-2CN94RD","app":"express_server","msg":"Server successfully started on port: 3001"}
{"level":30,"time":1722692966403,"pid":50452,"hostname":"DESKTOP-2CN94RD","app":"express_server","msg":"Server successfully started on port: 3001"}
{"level":30,"time":1722693048224,"pid":54576,"hostname":"DESKTOP-2CN94RD","app":"express_server","msg":"Server successfully started on port: 3001"}
{"level":30,"time":1722693122162,"pid":53628,"hostname":"DESKTOP-2CN94RD","app":"express_server","msg":"Server successfully started on port: 3001"}
{"level":30,"time":1722693285219,"pid":48212,"hostname":"DESKTOP-2CN94RD","app":"express_server","msg":"Server successfully started on port: 3001"}
{"level":30,"time":1722693336191,"pid":54076,"hostname":"DESKTOP-2CN94RD","app":"express_server","msg":"Server successfully started on port: 3001"}
{"level":30,"time":1722693371030,"pid":48760,"hostname":"DESKTOP-2CN94RD","app":"express_server","msg":"Server successfully started on port: 3001"}
{"level":30,"time":1722693385115,"pid":53152,"hostname":"DESKTOP-2CN94RD","app":"express_server","msg":"Server successfully started on port: 3001"}
{"level":30,"time":1722693449500,"pid":20368,"hostname":"DESKTOP-2CN94RD","app":"express_server","msg":"Server successfully started on port: 3001"}
{"level":30,"time":1722693455689,"pid":45512,"hostname":"DESKTOP-2CN94RD","app":"express_server","msg":"Server successfully started on port: 3001"}
{"level":30,"time":1722693467876,"pid":54396,"hostname":"DESKTOP-2CN94RD","app":"express_server","msg":"Server successfully started on port: 3001"}
{"level":30,"time":1722693474915,"pid":1704,"hostname":"DESKTOP-2CN94RD","app":"express_server","msg":"Server successfully started on port: 3001"}
{"level":30,"time":1722693489404,"pid":39296,"hostname":"DESKTOP-2CN94RD","app":"express_server","msg":"Server successfully started on port: 3001"}
{"level":30,"time":1722693506738,"pid":55216,"hostname":"DESKTOP-2CN94RD","app":"express_server","msg":"Server successfully started on port: 3001"}
{"level":30,"time":1722693575793,"pid":7496,"hostname":"DESKTOP-2CN94RD","app":"express_server","msg":"Server successfully started on port: 3001"}
{"level":30,"time":1722693584741,"pid":50452,"hostname":"DESKTOP-2CN94RD","app":"express_server","msg":"Server successfully started on port: 3001"}
{"level":30,"time":1722693591922,"pid":47700,"hostname":"DESKTOP-2CN94RD","app":"express_server","msg":"Server successfully started on port: 3001"}
{"level":30,"time":1722693595547,"pid":7704,"hostname":"DESKTOP-2CN94RD","app":"express_server","msg":"Server successfully started on port: 3001"}
{"level":30,"time":1722693600746,"pid":45088,"hostname":"DESKTOP-2CN94RD","app":"express_server","msg":"Server successfully started on port: 3001"}
{"level":30,"time":1722693603678,"pid":720,"hostname":"DESKTOP-2CN94RD","app":"express_server","msg":"Server successfully started on port: 3001"}
{"level":30,"time":1722693615505,"pid":25628,"hostname":"DESKTOP-2CN94RD","app":"express_server","msg":"Server successfully started on port: 3001"}
{"level":30,"time":1722693631538,"pid":44752,"hostname":"DESKTOP-2CN94RD","app":"express_server","msg":"Server successfully started on port: 3001"}
{"level":30,"time":1722693655540,"pid":44908,"hostname":"DESKTOP-2CN94RD","app":"express_server","msg":"Server successfully started on port: 3001"}
{"level":30,"time":1722693659035,"pid":23348,"hostname":"DESKTOP-2CN94RD","app":"express_server","msg":"Server successfully started on port: 3001"}
{"level":30,"time":1722693667986,"pid":54852,"hostname":"DESKTOP-2CN94RD","app":"express_server","msg":"Server successfully started on port: 3001"}
{"level":30,"time":1722693673923,"pid":43368,"hostname":"DESKTOP-2CN94RD","app":"express_server","msg":"Server successfully started on port: 3001"}
{"level":30,"time":1722693677573,"pid":39356,"hostname":"DESKTOP-2CN94RD","app":"express_server","msg":"Server successfully started on port: 3001"}
{"level":30,"time":1722693687096,"pid":35536,"hostname":"DESKTOP-2CN94RD","app":"express_server","msg":"Server successfully started on port: 3001"}
{"level":30,"time":1722693690710,"pid":26120,"hostname":"DESKTOP-2CN94RD","app":"express_server","msg":"Server successfully started on port: 3001"}
{"level":30,"time":1722693781506,"pid":52808,"hostname":"DESKTOP-2CN94RD","app":"express_server","msg":"Server successfully started on port: 3001"}
{"level":30,"time":1722693804690,"pid":51436,"hostname":"DESKTOP-2CN94RD","app":"express_server","msg":"Server successfully started on port: 3001"}
{"level":30,"time":1722693812469,"pid":42892,"hostname":"DESKTOP-2CN94RD","app":"express_server","msg":"Server successfully started on port: 3001"}
{"level":30,"time":1722693828458,"pid":54436,"hostname":"DESKTOP-2CN94RD","app":"express_server","msg":"Server successfully started on port: 3001"}
{"level":30,"time":1722693837345,"pid":14772,"hostname":"DESKTOP-2CN94RD","app":"express_server","msg":"Server successfully started on port: 3001"}
{"level":30,"time":1722693847813,"pid":54640,"hostname":"DESKTOP-2CN94RD","app":"express_server","msg":"Server successfully started on port: 3001"}
{"level":30,"time":1722693853163,"pid":47980,"hostname":"DESKTOP-2CN94RD","app":"express_server","msg":"Server successfully started on port: 3001"}
{"level":30,"time":1722693858558,"pid":13284,"hostname":"DESKTOP-2CN94RD","app":"express_server","msg":"Server successfully started on port: 3001"}
{"level":30,"time":1722693869321,"pid":25336,"hostname":"DESKTOP-2CN94RD","app":"express_server","msg":"Server successfully started on port: 3001"}
{"level":30,"time":1722693929170,"pid":41256,"hostname":"DESKTOP-2CN94RD","app":"express_server","msg":"Server successfully started on port: 3001"}
{"level":30,"time":1722693936492,"pid":54784,"hostname":"DESKTOP-2CN94RD","app":"express_server","msg":"Server successfully started on port: 3001"}
{"level":30,"time":1722693963352,"pid":20904,"hostname":"DESKTOP-2CN94RD","app":"express_server","msg":"Server successfully started on port: 3001"}
{"level":30,"time":1722694116793,"pid":3332,"hostname":"DESKTOP-2CN94RD","app":"express_server","msg":"Server successfully started on port: 3001"}
{"level":30,"time":1722694127608,"pid":52268,"hostname":"DESKTOP-2CN94RD","app":"express_server","msg":"Server successfully started on port: 3001"}
{"level":30,"time":1722694134406,"pid":38960,"hostname":"DESKTOP-2CN94RD","app":"express_server","msg":"Server successfully started on port: 3001"}
{"level":30,"time":1722694143102,"pid":54748,"hostname":"DESKTOP-2CN94RD","app":"express_server","msg":"Server successfully started on port: 3001"}
{"level":30,"time":1722694146494,"pid":25336,"hostname":"DESKTOP-2CN94RD","app":"express_server","msg":"Server successfully started on port: 3001"}
{"level":30,"time":1722694151621,"pid":22332,"hostname":"DESKTOP-2CN94RD","app":"express_server","msg":"Server successfully started on port: 3001"}
{"level":30,"time":1722694157847,"pid":44284,"hostname":"DESKTOP-2CN94RD","app":"express_server","msg":"Server successfully started on port: 3001"}
{"level":30,"time":1722694168441,"pid":39288,"hostname":"DESKTOP-2CN94RD","app":"express_server","msg":"Server successfully started on port: 3001"}
{"level":30,"time":1722694173330,"pid":54184,"hostname":"DESKTOP-2CN94RD","app":"express_server","msg":"Server successfully started on port: 3001"}
{"level":30,"time":1722694178700,"pid":25336,"hostname":"DESKTOP-2CN94RD","app":"express_server","msg":"Server successfully started on port: 3001"}
{"level":30,"time":1722694181717,"pid":55240,"hostname":"DESKTOP-2CN94RD","app":"express_server","msg":"Server successfully started on port: 3001"}
{"level":30,"time":1722694186775,"pid":48156,"hostname":"DESKTOP-2CN94RD","app":"express_server","msg":"Server successfully started on port: 3001"}
{"level":30,"time":1722694191337,"pid":11900,"hostname":"DESKTOP-2CN94RD","app":"express_server","msg":"Server successfully started on port: 3001"}
{"level":30,"time":1722694209226,"pid":4052,"hostname":"DESKTOP-2CN94RD","app":"express_server","msg":"Server successfully started on port: 3001"}
{"level":30,"time":1722694233693,"pid":46556,"hostname":"DESKTOP-2CN94RD","app":"express_server","msg":"Server successfully started on port: 3001"}
{"level":30,"time":1722694285639,"pid":55168,"hostname":"DESKTOP-2CN94RD","app":"express_server","msg":"Server successfully started on port: 3001"}
{"level":30,"time":1722694616083,"pid":23884,"hostname":"DESKTOP-2CN94RD","app":"express_server","msg":"Server successfully started on port: 3001"}
{"level":30,"time":1722694643826,"pid":40212,"hostname":"DESKTOP-2CN94RD","app":"express_server","msg":"Server successfully started on port: 3001"}
{"level":30,"time":1722694655853,"pid":17836,"hostname":"DESKTOP-2CN94RD","app":"express_server","msg":"Server successfully started on port: 3001"}
{"level":30,"time":1722694664222,"pid":54904,"hostname":"DESKTOP-2CN94RD","app":"express_server","msg":"Server successfully started on port: 3001"}
{"level":30,"time":1722694701430,"pid":45664,"hostname":"DESKTOP-2CN94RD","app":"express_server","msg":"Server successfully started on port: 3001"}
{"level":30,"time":1722694748944,"pid":49128,"hostname":"DESKTOP-2CN94RD","app":"express_server","msg":"Server successfully started on port: 3001"}
{"level":30,"time":1722694758190,"pid":29412,"hostname":"DESKTOP-2CN94RD","app":"express_server","msg":"Server successfully started on port: 3001"}
{"level":30,"time":1722694763111,"pid":45540,"hostname":"DESKTOP-2CN94RD","app":"express_server","msg":"Server successfully started on port: 3001"}
{"level":30,"time":1722694775497,"pid":45520,"hostname":"DESKTOP-2CN94RD","app":"express_server","msg":"Server successfully started on port: 3001"}
{"level":30,"time":1722694786178,"pid":43616,"hostname":"DESKTOP-2CN94RD","app":"express_server","msg":"Server successfully started on port: 3001"}
{"level":30,"time":1722694794789,"pid":54316,"hostname":"DESKTOP-2CN94RD","app":"express_server","msg":"Server successfully started on port: 3001"}
{"level":30,"time":1722694801618,"pid":53148,"hostname":"DESKTOP-2CN94RD","app":"express_server","msg":"Server successfully started on port: 3001"}
{"level":30,"time":1722694842993,"pid":54128,"hostname":"DESKTOP-2CN94RD","app":"express_server","msg":"Server successfully started on port: 3001"}
{"level":30,"time":1722694855447,"pid":43960,"hostname":"DESKTOP-2CN94RD","app":"express_server","msg":"Server successfully started on port: 3001"}
{"level":30,"time":1722694869201,"pid":54688,"hostname":"DESKTOP-2CN94RD","app":"express_server","msg":"Server successfully started on port: 3001"}
{"level":30,"time":1722694888504,"pid":54100,"hostname":"DESKTOP-2CN94RD","app":"express_server","msg":"Server successfully started on port: 3001"}
{"level":30,"time":1722694979577,"pid":45148,"hostname":"DESKTOP-2CN94RD","app":"express_server","msg":"Server successfully started on port: 3001"}
{"level":30,"time":1722695004504,"pid":46340,"hostname":"DESKTOP-2CN94RD","app":"express_server","msg":"Server successfully started on port: 3001"}
{"level":30,"time":1722698446108,"pid":30440,"hostname":"DESKTOP-2CN94RD","app":"express_server","msg":"Server successfully started on port: 3001"}
{"level":30,"time":1722698862300,"pid":53740,"hostname":"DESKTOP-2CN94RD","app":"express_server","msg":"Server successfully started on port: 3001"}
{"level":30,"time":1722699477171,"pid":55912,"hostname":"DESKTOP-2CN94RD","app":"express_server","msg":"Server successfully started on port: 3001"}
{"level":30,"time":1722699675607,"pid":45996,"hostname":"DESKTOP-2CN94RD","app":"express_server","msg":"Server successfully started on port: 3001"}
{"level":50,"time":1722699753679,"pid":56072,"hostname":"DESKTOP-2CN94RD","app":"express_server","msg":"EntityMetadataNotFoundError: No metadata for \"User\" was found.\n    at DataSource.getMetadata (F:\\Projects\\backend_course\\server\\src\\data-source\\DataSource.ts:450:30)\n    at Repository.get metadata [as metadata] (F:\\Projects\\backend_course\\server\\src\\repository\\Repository.ts:53:40)\n    at Repository.findOneBy (F:\\Projects\\backend_course\\server\\src\\repository\\Repository.ts:607:44)\n    at UserService.<anonymous> (F:\\Projects\\backend_course\\server\\src\\services\\user.service.ts:12:57)\n    at Generator.next (<anonymous>)\n    at F:\\Projects\\backend_course\\server\\src\\services\\user.service.ts:8:71\n    at new Promise (<anonymous>)\n    at Object.<anonymous>.__awaiter (F:\\Projects\\backend_course\\server\\src\\services\\user.service.ts:4:12)\n    at UserService.getUserByUsername (F:\\Projects\\backend_course\\server\\src\\services\\user.service.ts:11:61)\n    at AuthController.<anonymous> (F:\\Projects\\backend_course\\server\\src\\controllers\\auth.controller.ts:24:44)\n    at Generator.next (<anonymous>)\n    at F:\\Projects\\backend_course\\server\\src\\controllers\\auth.controller.ts:8:71\n    at new Promise (<anonymous>)\n    at Object.<anonymous>.__awaiter (F:\\Projects\\backend_course\\server\\src\\controllers\\auth.controller.ts:4:12)\n    at AuthController.signIn (F:\\Projects\\backend_course\\server\\src\\controllers\\auth.controller.ts:13:109)\n    at Layer.handle [as handle_request] (F:\\Projects\\backend_course\\server\\node_modules\\express\\lib\\router\\layer.js:95:5)\n    at next (F:\\Projects\\backend_course\\server\\node_modules\\express\\lib\\router\\route.js:149:13)\n    at Route.dispatch (F:\\Projects\\backend_course\\server\\node_modules\\express\\lib\\router\\route.js:119:3)\n    at Layer.handle [as handle_request] (F:\\Projects\\backend_course\\server\\node_modules\\express\\lib\\router\\layer.js:95:5)\n    at F:\\Projects\\backend_course\\server\\node_modules\\express\\lib\\router\\index.js:284:15\n    at Function.process_params (F:\\Projects\\backend_course\\server\\node_modules\\express\\lib\\router\\index.js:346:12)\n    at next (F:\\Projects\\backend_course\\server\\node_modules\\express\\lib\\router\\index.js:280:10)\n    at Function.handle (F:\\Projects\\backend_course\\server\\node_modules\\express\\lib\\router\\index.js:175:3)\n    at router (F:\\Projects\\backend_course\\server\\node_modules\\express\\lib\\router\\index.js:47:12)\n    at Layer.handle [as handle_request] (F:\\Projects\\backend_course\\server\\node_modules\\express\\lib\\router\\layer.js:95:5)\n    at trim_prefix (F:\\Projects\\backend_course\\server\\node_modules\\express\\lib\\router\\index.js:328:13)\n    at F:\\Projects\\backend_course\\server\\node_modules\\express\\lib\\router\\index.js:286:9\n    at Function.process_params (F:\\Projects\\backend_course\\server\\node_modules\\express\\lib\\router\\index.js:346:12)\n    at next (F:\\Projects\\backend_course\\server\\node_modules\\express\\lib\\router\\index.js:280:10)\n    at F:\\Projects\\backend_course\\server\\node_modules\\body-parser\\lib\\read.js:137:5\n    at AsyncResource.runInAsyncScope (node:async_hooks:206:9)\n    at invokeCallback (F:\\Projects\\backend_course\\server\\node_modules\\raw-body\\index.js:238:16)\n    at done (F:\\Projects\\backend_course\\server\\node_modules\\raw-body\\index.js:227:7)\n    at IncomingMessage.onEnd (F:\\Projects\\backend_course\\server\\node_modules\\raw-body\\index.js:287:7)\n    at IncomingMessage.emit (node:events:514:28)\n    at endReadableNT (node:internal/streams/readable:1408:12)\n    at processTicksAndRejections (node:internal/process/task_queues:82:21)"}
{"level":30,"time":1722699753894,"pid":56072,"hostname":"DESKTOP-2CN94RD","app":"express_server","msg":"Server successfully started on port: 3001"}
{"level":50,"time":1722699950462,"pid":56536,"hostname":"DESKTOP-2CN94RD","app":"express_server","msg":"EntityMetadataNotFoundError: No metadata for \"User\" was found.\n    at DataSource.getMetadata (F:\\Projects\\backend_course\\server\\src\\data-source\\DataSource.ts:450:30)\n    at Repository.get metadata [as metadata] (F:\\Projects\\backend_course\\server\\src\\repository\\Repository.ts:53:40)\n    at Repository.findOneBy (F:\\Projects\\backend_course\\server\\src\\repository\\Repository.ts:607:44)\n    at UserService.<anonymous> (F:\\Projects\\backend_course\\server\\src\\services\\user.service.ts:12:57)\n    at Generator.next (<anonymous>)\n    at F:\\Projects\\backend_course\\server\\src\\services\\user.service.ts:8:71\n    at new Promise (<anonymous>)\n    at Object.<anonymous>.__awaiter (F:\\Projects\\backend_course\\server\\src\\services\\user.service.ts:4:12)\n    at UserService.getUserByUsername (F:\\Projects\\backend_course\\server\\src\\services\\user.service.ts:11:61)\n    at AuthController.<anonymous> (F:\\Projects\\backend_course\\server\\src\\controllers\\auth.controller.ts:24:44)\n    at Generator.next (<anonymous>)\n    at F:\\Projects\\backend_course\\server\\src\\controllers\\auth.controller.ts:8:71\n    at new Promise (<anonymous>)\n    at Object.<anonymous>.__awaiter (F:\\Projects\\backend_course\\server\\src\\controllers\\auth.controller.ts:4:12)\n    at AuthController.signIn (F:\\Projects\\backend_course\\server\\src\\controllers\\auth.controller.ts:13:109)\n    at Layer.handle [as handle_request] (F:\\Projects\\backend_course\\server\\node_modules\\express\\lib\\router\\layer.js:95:5)\n    at next (F:\\Projects\\backend_course\\server\\node_modules\\express\\lib\\router\\route.js:149:13)\n    at Route.dispatch (F:\\Projects\\backend_course\\server\\node_modules\\express\\lib\\router\\route.js:119:3)\n    at Layer.handle [as handle_request] (F:\\Projects\\backend_course\\server\\node_modules\\express\\lib\\router\\layer.js:95:5)\n    at F:\\Projects\\backend_course\\server\\node_modules\\express\\lib\\router\\index.js:284:15\n    at Function.process_params (F:\\Projects\\backend_course\\server\\node_modules\\express\\lib\\router\\index.js:346:12)\n    at next (F:\\Projects\\backend_course\\server\\node_modules\\express\\lib\\router\\index.js:280:10)\n    at Function.handle (F:\\Projects\\backend_course\\server\\node_modules\\express\\lib\\router\\index.js:175:3)\n    at router (F:\\Projects\\backend_course\\server\\node_modules\\express\\lib\\router\\index.js:47:12)\n    at Layer.handle [as handle_request] (F:\\Projects\\backend_course\\server\\node_modules\\express\\lib\\router\\layer.js:95:5)\n    at trim_prefix (F:\\Projects\\backend_course\\server\\node_modules\\express\\lib\\router\\index.js:328:13)\n    at F:\\Projects\\backend_course\\server\\node_modules\\express\\lib\\router\\index.js:286:9\n    at Function.process_params (F:\\Projects\\backend_course\\server\\node_modules\\express\\lib\\router\\index.js:346:12)\n    at next (F:\\Projects\\backend_course\\server\\node_modules\\express\\lib\\router\\index.js:280:10)\n    at F:\\Projects\\backend_course\\server\\node_modules\\body-parser\\lib\\read.js:137:5\n    at AsyncResource.runInAsyncScope (node:async_hooks:206:9)\n    at invokeCallback (F:\\Projects\\backend_course\\server\\node_modules\\raw-body\\index.js:238:16)\n    at done (F:\\Projects\\backend_course\\server\\node_modules\\raw-body\\index.js:227:7)\n    at IncomingMessage.onEnd (F:\\Projects\\backend_course\\server\\node_modules\\raw-body\\index.js:287:7)\n    at IncomingMessage.emit (node:events:514:28)\n    at endReadableNT (node:internal/streams/readable:1408:12)\n    at processTicksAndRejections (node:internal/process/task_queues:82:21)"}
{"level":30,"time":1722699950602,"pid":56536,"hostname":"DESKTOP-2CN94RD","app":"express_server","msg":"Server successfully started on port: 3001"}
{"level":50,"time":1722700108538,"pid":57332,"hostname":"DESKTOP-2CN94RD","app":"express_server","msg":"EntityMetadataNotFoundError: No metadata for \"User\" was found.\n    at DataSource.getMetadata (F:\\Projects\\backend_course\\server\\src\\data-source\\DataSource.ts:450:30)\n    at Repository.get metadata [as metadata] (F:\\Projects\\backend_course\\server\\src\\repository\\Repository.ts:53:40)\n    at Repository.findOneBy (F:\\Projects\\backend_course\\server\\src\\repository\\Repository.ts:607:44)\n    at UserService.<anonymous> (F:\\Projects\\backend_course\\server\\src\\services\\user.service.ts:12:57)\n    at Generator.next (<anonymous>)\n    at F:\\Projects\\backend_course\\server\\src\\services\\user.service.ts:8:71\n    at new Promise (<anonymous>)\n    at Object.<anonymous>.__awaiter (F:\\Projects\\backend_course\\server\\src\\services\\user.service.ts:4:12)\n    at UserService.getUserByUsername (F:\\Projects\\backend_course\\server\\src\\services\\user.service.ts:11:61)\n    at AuthController.<anonymous> (F:\\Projects\\backend_course\\server\\src\\controllers\\auth.controller.ts:24:44)\n    at Generator.next (<anonymous>)\n    at F:\\Projects\\backend_course\\server\\src\\controllers\\auth.controller.ts:8:71\n    at new Promise (<anonymous>)\n    at Object.<anonymous>.__awaiter (F:\\Projects\\backend_course\\server\\src\\controllers\\auth.controller.ts:4:12)\n    at AuthController.signIn (F:\\Projects\\backend_course\\server\\src\\controllers\\auth.controller.ts:13:109)\n    at Layer.handle [as handle_request] (F:\\Projects\\backend_course\\server\\node_modules\\express\\lib\\router\\layer.js:95:5)\n    at next (F:\\Projects\\backend_course\\server\\node_modules\\express\\lib\\router\\route.js:149:13)\n    at Route.dispatch (F:\\Projects\\backend_course\\server\\node_modules\\express\\lib\\router\\route.js:119:3)\n    at Layer.handle [as handle_request] (F:\\Projects\\backend_course\\server\\node_modules\\express\\lib\\router\\layer.js:95:5)\n    at F:\\Projects\\backend_course\\server\\node_modules\\express\\lib\\router\\index.js:284:15\n    at Function.process_params (F:\\Projects\\backend_course\\server\\node_modules\\express\\lib\\router\\index.js:346:12)\n    at next (F:\\Projects\\backend_course\\server\\node_modules\\express\\lib\\router\\index.js:280:10)\n    at Function.handle (F:\\Projects\\backend_course\\server\\node_modules\\express\\lib\\router\\index.js:175:3)\n    at router (F:\\Projects\\backend_course\\server\\node_modules\\express\\lib\\router\\index.js:47:12)\n    at Layer.handle [as handle_request] (F:\\Projects\\backend_course\\server\\node_modules\\express\\lib\\router\\layer.js:95:5)\n    at trim_prefix (F:\\Projects\\backend_course\\server\\node_modules\\express\\lib\\router\\index.js:328:13)\n    at F:\\Projects\\backend_course\\server\\node_modules\\express\\lib\\router\\index.js:286:9\n    at Function.process_params (F:\\Projects\\backend_course\\server\\node_modules\\express\\lib\\router\\index.js:346:12)\n    at next (F:\\Projects\\backend_course\\server\\node_modules\\express\\lib\\router\\index.js:280:10)\n    at F:\\Projects\\backend_course\\server\\node_modules\\body-parser\\lib\\read.js:137:5\n    at AsyncResource.runInAsyncScope (node:async_hooks:206:9)\n    at invokeCallback (F:\\Projects\\backend_course\\server\\node_modules\\raw-body\\index.js:238:16)\n    at done (F:\\Projects\\backend_course\\server\\node_modules\\raw-body\\index.js:227:7)\n    at IncomingMessage.onEnd (F:\\Projects\\backend_course\\server\\node_modules\\raw-body\\index.js:287:7)\n    at IncomingMessage.emit (node:events:514:28)\n    at endReadableNT (node:internal/streams/readable:1408:12)\n    at processTicksAndRejections (node:internal/process/task_queues:82:21)"}
{"level":30,"time":1722700108681,"pid":57332,"hostname":"DESKTOP-2CN94RD","app":"express_server","msg":"Server successfully started on port: 3001"}
{"level":50,"time":1722700412351,"pid":56164,"hostname":"DESKTOP-2CN94RD","app":"express_server","msg":"EntityMetadataNotFoundError: No metadata for \"User\" was found.\n    at DataSource.getMetadata (F:\\Projects\\backend_course\\server\\src\\data-source\\DataSource.ts:450:30)\n    at Repository.get metadata [as metadata] (F:\\Projects\\backend_course\\server\\src\\repository\\Repository.ts:53:40)\n    at Repository.findOneBy (F:\\Projects\\backend_course\\server\\src\\repository\\Repository.ts:607:44)\n    at UserService.<anonymous> (F:\\Projects\\backend_course\\server\\src\\services\\user.service.ts:12:57)\n    at Generator.next (<anonymous>)\n    at F:\\Projects\\backend_course\\server\\src\\services\\user.service.ts:8:71\n    at new Promise (<anonymous>)\n    at Object.<anonymous>.__awaiter (F:\\Projects\\backend_course\\server\\src\\services\\user.service.ts:4:12)\n    at UserService.getUserByUsername (F:\\Projects\\backend_course\\server\\src\\services\\user.service.ts:11:61)\n    at AuthController.<anonymous> (F:\\Projects\\backend_course\\server\\src\\controllers\\auth.controller.ts:24:44)\n    at Generator.next (<anonymous>)\n    at F:\\Projects\\backend_course\\server\\src\\controllers\\auth.controller.ts:8:71\n    at new Promise (<anonymous>)\n    at Object.<anonymous>.__awaiter (F:\\Projects\\backend_course\\server\\src\\controllers\\auth.controller.ts:4:12)\n    at AuthController.signIn (F:\\Projects\\backend_course\\server\\src\\controllers\\auth.controller.ts:13:109)\n    at Layer.handle [as handle_request] (F:\\Projects\\backend_course\\server\\node_modules\\express\\lib\\router\\layer.js:95:5)\n    at next (F:\\Projects\\backend_course\\server\\node_modules\\express\\lib\\router\\route.js:149:13)\n    at Route.dispatch (F:\\Projects\\backend_course\\server\\node_modules\\express\\lib\\router\\route.js:119:3)\n    at Layer.handle [as handle_request] (F:\\Projects\\backend_course\\server\\node_modules\\express\\lib\\router\\layer.js:95:5)\n    at F:\\Projects\\backend_course\\server\\node_modules\\express\\lib\\router\\index.js:284:15\n    at Function.process_params (F:\\Projects\\backend_course\\server\\node_modules\\express\\lib\\router\\index.js:346:12)\n    at next (F:\\Projects\\backend_course\\server\\node_modules\\express\\lib\\router\\index.js:280:10)\n    at Function.handle (F:\\Projects\\backend_course\\server\\node_modules\\express\\lib\\router\\index.js:175:3)\n    at router (F:\\Projects\\backend_course\\server\\node_modules\\express\\lib\\router\\index.js:47:12)\n    at Layer.handle [as handle_request] (F:\\Projects\\backend_course\\server\\node_modules\\express\\lib\\router\\layer.js:95:5)\n    at trim_prefix (F:\\Projects\\backend_course\\server\\node_modules\\express\\lib\\router\\index.js:328:13)\n    at F:\\Projects\\backend_course\\server\\node_modules\\express\\lib\\router\\index.js:286:9\n    at Function.process_params (F:\\Projects\\backend_course\\server\\node_modules\\express\\lib\\router\\index.js:346:12)\n    at next (F:\\Projects\\backend_course\\server\\node_modules\\express\\lib\\router\\index.js:280:10)\n    at F:\\Projects\\backend_course\\server\\node_modules\\body-parser\\lib\\read.js:137:5\n    at AsyncResource.runInAsyncScope (node:async_hooks:206:9)\n    at invokeCallback (F:\\Projects\\backend_course\\server\\node_modules\\raw-body\\index.js:238:16)\n    at done (F:\\Projects\\backend_course\\server\\node_modules\\raw-body\\index.js:227:7)\n    at IncomingMessage.onEnd (F:\\Projects\\backend_course\\server\\node_modules\\raw-body\\index.js:287:7)\n    at IncomingMessage.emit (node:events:514:28)\n    at endReadableNT (node:internal/streams/readable:1408:12)\n    at processTicksAndRejections (node:internal/process/task_queues:82:21)"}
{"level":30,"time":1722700412498,"pid":56164,"hostname":"DESKTOP-2CN94RD","app":"express_server","msg":"Server successfully started on port: 3001"}
{"level":50,"time":1722700465639,"pid":49456,"hostname":"DESKTOP-2CN94RD","app":"express_server","msg":"EntityMetadataNotFoundError: No metadata for \"User\" was found.\n    at DataSource.getMetadata (F:\\Projects\\backend_course\\server\\src\\data-source\\DataSource.ts:450:30)\n    at Repository.get metadata [as metadata] (F:\\Projects\\backend_course\\server\\src\\repository\\Repository.ts:53:40)\n    at Repository.findOneBy (F:\\Projects\\backend_course\\server\\src\\repository\\Repository.ts:607:44)\n    at UserService.<anonymous> (F:\\Projects\\backend_course\\server\\src\\services\\user.service.ts:12:57)\n    at Generator.next (<anonymous>)\n    at F:\\Projects\\backend_course\\server\\src\\services\\user.service.ts:8:71\n    at new Promise (<anonymous>)\n    at Object.<anonymous>.__awaiter (F:\\Projects\\backend_course\\server\\src\\services\\user.service.ts:4:12)\n    at UserService.getUserByUsername (F:\\Projects\\backend_course\\server\\src\\services\\user.service.ts:11:61)\n    at AuthController.<anonymous> (F:\\Projects\\backend_course\\server\\src\\controllers\\auth.controller.ts:24:44)\n    at Generator.next (<anonymous>)\n    at F:\\Projects\\backend_course\\server\\src\\controllers\\auth.controller.ts:8:71\n    at new Promise (<anonymous>)\n    at Object.<anonymous>.__awaiter (F:\\Projects\\backend_course\\server\\src\\controllers\\auth.controller.ts:4:12)\n    at AuthController.signIn (F:\\Projects\\backend_course\\server\\src\\controllers\\auth.controller.ts:13:109)\n    at Layer.handle [as handle_request] (F:\\Projects\\backend_course\\server\\node_modules\\express\\lib\\router\\layer.js:95:5)\n    at next (F:\\Projects\\backend_course\\server\\node_modules\\express\\lib\\router\\route.js:149:13)\n    at Route.dispatch (F:\\Projects\\backend_course\\server\\node_modules\\express\\lib\\router\\route.js:119:3)\n    at Layer.handle [as handle_request] (F:\\Projects\\backend_course\\server\\node_modules\\express\\lib\\router\\layer.js:95:5)\n    at F:\\Projects\\backend_course\\server\\node_modules\\express\\lib\\router\\index.js:284:15\n    at Function.process_params (F:\\Projects\\backend_course\\server\\node_modules\\express\\lib\\router\\index.js:346:12)\n    at next (F:\\Projects\\backend_course\\server\\node_modules\\express\\lib\\router\\index.js:280:10)\n    at Function.handle (F:\\Projects\\backend_course\\server\\node_modules\\express\\lib\\router\\index.js:175:3)\n    at router (F:\\Projects\\backend_course\\server\\node_modules\\express\\lib\\router\\index.js:47:12)\n    at Layer.handle [as handle_request] (F:\\Projects\\backend_course\\server\\node_modules\\express\\lib\\router\\layer.js:95:5)\n    at trim_prefix (F:\\Projects\\backend_course\\server\\node_modules\\express\\lib\\router\\index.js:328:13)\n    at F:\\Projects\\backend_course\\server\\node_modules\\express\\lib\\router\\index.js:286:9\n    at Function.process_params (F:\\Projects\\backend_course\\server\\node_modules\\express\\lib\\router\\index.js:346:12)\n    at next (F:\\Projects\\backend_course\\server\\node_modules\\express\\lib\\router\\index.js:280:10)\n    at F:\\Projects\\backend_course\\server\\node_modules\\body-parser\\lib\\read.js:137:5\n    at AsyncResource.runInAsyncScope (node:async_hooks:206:9)\n    at invokeCallback (F:\\Projects\\backend_course\\server\\node_modules\\raw-body\\index.js:238:16)\n    at done (F:\\Projects\\backend_course\\server\\node_modules\\raw-body\\index.js:227:7)\n    at IncomingMessage.onEnd (F:\\Projects\\backend_course\\server\\node_modules\\raw-body\\index.js:287:7)\n    at IncomingMessage.emit (node:events:514:28)\n    at endReadableNT (node:internal/streams/readable:1408:12)\n    at processTicksAndRejections (node:internal/process/task_queues:82:21)"}
{"level":50,"time":1722700541910,"pid":55800,"hostname":"DESKTOP-2CN94RD","app":"express_server","msg":"EntityMetadataNotFoundError: No metadata for \"User\" was found.\n    at DataSource.getMetadata (F:\\Projects\\backend_course\\server\\src\\data-source\\DataSource.ts:450:30)\n    at Repository.get metadata [as metadata] (F:\\Projects\\backend_course\\server\\src\\repository\\Repository.ts:53:40)\n    at Repository.findOneBy (F:\\Projects\\backend_course\\server\\src\\repository\\Repository.ts:607:44)\n    at UserService.<anonymous> (F:\\Projects\\backend_course\\server\\src\\services\\user.service.ts:12:57)\n    at Generator.next (<anonymous>)\n    at F:\\Projects\\backend_course\\server\\src\\services\\user.service.ts:8:71\n    at new Promise (<anonymous>)\n    at Object.<anonymous>.__awaiter (F:\\Projects\\backend_course\\server\\src\\services\\user.service.ts:4:12)\n    at UserService.getUserByUsername (F:\\Projects\\backend_course\\server\\src\\services\\user.service.ts:11:61)\n    at AuthController.<anonymous> (F:\\Projects\\backend_course\\server\\src\\controllers\\auth.controller.ts:24:44)\n    at Generator.next (<anonymous>)\n    at F:\\Projects\\backend_course\\server\\src\\controllers\\auth.controller.ts:8:71\n    at new Promise (<anonymous>)\n    at Object.<anonymous>.__awaiter (F:\\Projects\\backend_course\\server\\src\\controllers\\auth.controller.ts:4:12)\n    at AuthController.signIn (F:\\Projects\\backend_course\\server\\src\\controllers\\auth.controller.ts:13:109)\n    at Layer.handle [as handle_request] (F:\\Projects\\backend_course\\server\\node_modules\\express\\lib\\router\\layer.js:95:5)\n    at next (F:\\Projects\\backend_course\\server\\node_modules\\express\\lib\\router\\route.js:149:13)\n    at Route.dispatch (F:\\Projects\\backend_course\\server\\node_modules\\express\\lib\\router\\route.js:119:3)\n    at Layer.handle [as handle_request] (F:\\Projects\\backend_course\\server\\node_modules\\express\\lib\\router\\layer.js:95:5)\n    at F:\\Projects\\backend_course\\server\\node_modules\\express\\lib\\router\\index.js:284:15\n    at Function.process_params (F:\\Projects\\backend_course\\server\\node_modules\\express\\lib\\router\\index.js:346:12)\n    at next (F:\\Projects\\backend_course\\server\\node_modules\\express\\lib\\router\\index.js:280:10)\n    at Function.handle (F:\\Projects\\backend_course\\server\\node_modules\\express\\lib\\router\\index.js:175:3)\n    at router (F:\\Projects\\backend_course\\server\\node_modules\\express\\lib\\router\\index.js:47:12)\n    at Layer.handle [as handle_request] (F:\\Projects\\backend_course\\server\\node_modules\\express\\lib\\router\\layer.js:95:5)\n    at trim_prefix (F:\\Projects\\backend_course\\server\\node_modules\\express\\lib\\router\\index.js:328:13)\n    at F:\\Projects\\backend_course\\server\\node_modules\\express\\lib\\router\\index.js:286:9\n    at Function.process_params (F:\\Projects\\backend_course\\server\\node_modules\\express\\lib\\router\\index.js:346:12)\n    at next (F:\\Projects\\backend_course\\server\\node_modules\\express\\lib\\router\\index.js:280:10)\n    at F:\\Projects\\backend_course\\server\\node_modules\\body-parser\\lib\\read.js:137:5\n    at AsyncResource.runInAsyncScope (node:async_hooks:206:9)\n    at invokeCallback (F:\\Projects\\backend_course\\server\\node_modules\\raw-body\\index.js:238:16)\n    at done (F:\\Projects\\backend_course\\server\\node_modules\\raw-body\\index.js:227:7)\n    at IncomingMessage.onEnd (F:\\Projects\\backend_course\\server\\node_modules\\raw-body\\index.js:287:7)\n    at IncomingMessage.emit (node:events:514:28)\n    at endReadableNT (node:internal/streams/readable:1408:12)\n    at processTicksAndRejections (node:internal/process/task_queues:82:21)"}
{"level":30,"time":1722700542083,"pid":55800,"hostname":"DESKTOP-2CN94RD","app":"express_server","msg":"Server successfully started on port: 3001"}
{"level":50,"time":1722700759606,"pid":3784,"hostname":"DESKTOP-2CN94RD","app":"express_server","msg":"EntityMetadataNotFoundError: No metadata for \"User\" was found.\n    at DataSource.getMetadata (F:\\Projects\\backend_course\\server\\src\\data-source\\DataSource.ts:450:30)\n    at Repository.get metadata [as metadata] (F:\\Projects\\backend_course\\server\\src\\repository\\Repository.ts:53:40)\n    at Repository.findOneBy (F:\\Projects\\backend_course\\server\\src\\repository\\Repository.ts:607:44)\n    at UserService.<anonymous> (F:\\Projects\\backend_course\\server\\src\\services\\user.service.ts:12:57)\n    at Generator.next (<anonymous>)\n    at F:\\Projects\\backend_course\\server\\src\\services\\user.service.ts:8:71\n    at new Promise (<anonymous>)\n    at Object.<anonymous>.__awaiter (F:\\Projects\\backend_course\\server\\src\\services\\user.service.ts:4:12)\n    at UserService.getUserByUsername (F:\\Projects\\backend_course\\server\\src\\services\\user.service.ts:11:61)\n    at AuthController.<anonymous> (F:\\Projects\\backend_course\\server\\src\\controllers\\auth.controller.ts:24:44)\n    at Generator.next (<anonymous>)\n    at F:\\Projects\\backend_course\\server\\src\\controllers\\auth.controller.ts:8:71\n    at new Promise (<anonymous>)\n    at Object.<anonymous>.__awaiter (F:\\Projects\\backend_course\\server\\src\\controllers\\auth.controller.ts:4:12)\n    at AuthController.signIn (F:\\Projects\\backend_course\\server\\src\\controllers\\auth.controller.ts:13:109)\n    at Layer.handle [as handle_request] (F:\\Projects\\backend_course\\server\\node_modules\\express\\lib\\router\\layer.js:95:5)\n    at next (F:\\Projects\\backend_course\\server\\node_modules\\express\\lib\\router\\route.js:149:13)\n    at Route.dispatch (F:\\Projects\\backend_course\\server\\node_modules\\express\\lib\\router\\route.js:119:3)\n    at Layer.handle [as handle_request] (F:\\Projects\\backend_course\\server\\node_modules\\express\\lib\\router\\layer.js:95:5)\n    at F:\\Projects\\backend_course\\server\\node_modules\\express\\lib\\router\\index.js:284:15\n    at Function.process_params (F:\\Projects\\backend_course\\server\\node_modules\\express\\lib\\router\\index.js:346:12)\n    at next (F:\\Projects\\backend_course\\server\\node_modules\\express\\lib\\router\\index.js:280:10)\n    at Function.handle (F:\\Projects\\backend_course\\server\\node_modules\\express\\lib\\router\\index.js:175:3)\n    at router (F:\\Projects\\backend_course\\server\\node_modules\\express\\lib\\router\\index.js:47:12)\n    at Layer.handle [as handle_request] (F:\\Projects\\backend_course\\server\\node_modules\\express\\lib\\router\\layer.js:95:5)\n    at trim_prefix (F:\\Projects\\backend_course\\server\\node_modules\\express\\lib\\router\\index.js:328:13)\n    at F:\\Projects\\backend_course\\server\\node_modules\\express\\lib\\router\\index.js:286:9\n    at Function.process_params (F:\\Projects\\backend_course\\server\\node_modules\\express\\lib\\router\\index.js:346:12)\n    at next (F:\\Projects\\backend_course\\server\\node_modules\\express\\lib\\router\\index.js:280:10)\n    at F:\\Projects\\backend_course\\server\\node_modules\\body-parser\\lib\\read.js:137:5\n    at AsyncResource.runInAsyncScope (node:async_hooks:206:9)\n    at invokeCallback (F:\\Projects\\backend_course\\server\\node_modules\\raw-body\\index.js:238:16)\n    at done (F:\\Projects\\backend_course\\server\\node_modules\\raw-body\\index.js:227:7)\n    at IncomingMessage.onEnd (F:\\Projects\\backend_course\\server\\node_modules\\raw-body\\index.js:287:7)\n    at IncomingMessage.emit (node:events:514:28)\n    at endReadableNT (node:internal/streams/readable:1408:12)\n    at processTicksAndRejections (node:internal/process/task_queues:82:21)"}
{"level":30,"time":1722700759746,"pid":3784,"hostname":"DESKTOP-2CN94RD","app":"express_server","msg":"Server successfully started on port: 3001"}
{"level":50,"time":1722700818391,"pid":24528,"hostname":"DESKTOP-2CN94RD","app":"express_server","msg":"EntityMetadataNotFoundError: No metadata for \"User\" was found.\n    at DataSource.getMetadata (F:\\Projects\\backend_course\\server\\src\\data-source\\DataSource.ts:450:30)\n    at Repository.get metadata [as metadata] (F:\\Projects\\backend_course\\server\\src\\repository\\Repository.ts:53:40)\n    at Repository.findOneBy (F:\\Projects\\backend_course\\server\\src\\repository\\Repository.ts:607:44)\n    at UserService.<anonymous> (F:\\Projects\\backend_course\\server\\src\\services\\user.service.ts:12:57)\n    at Generator.next (<anonymous>)\n    at F:\\Projects\\backend_course\\server\\src\\services\\user.service.ts:8:71\n    at new Promise (<anonymous>)\n    at Object.<anonymous>.__awaiter (F:\\Projects\\backend_course\\server\\src\\services\\user.service.ts:4:12)\n    at UserService.getUserByUsername (F:\\Projects\\backend_course\\server\\src\\services\\user.service.ts:11:61)\n    at AuthController.<anonymous> (F:\\Projects\\backend_course\\server\\src\\controllers\\auth.controller.ts:24:44)\n    at Generator.next (<anonymous>)\n    at F:\\Projects\\backend_course\\server\\src\\controllers\\auth.controller.ts:8:71\n    at new Promise (<anonymous>)\n    at Object.<anonymous>.__awaiter (F:\\Projects\\backend_course\\server\\src\\controllers\\auth.controller.ts:4:12)\n    at AuthController.signIn (F:\\Projects\\backend_course\\server\\src\\controllers\\auth.controller.ts:13:109)\n    at Layer.handle [as handle_request] (F:\\Projects\\backend_course\\server\\node_modules\\express\\lib\\router\\layer.js:95:5)\n    at next (F:\\Projects\\backend_course\\server\\node_modules\\express\\lib\\router\\route.js:149:13)\n    at Route.dispatch (F:\\Projects\\backend_course\\server\\node_modules\\express\\lib\\router\\route.js:119:3)\n    at Layer.handle [as handle_request] (F:\\Projects\\backend_course\\server\\node_modules\\express\\lib\\router\\layer.js:95:5)\n    at F:\\Projects\\backend_course\\server\\node_modules\\express\\lib\\router\\index.js:284:15\n    at Function.process_params (F:\\Projects\\backend_course\\server\\node_modules\\express\\lib\\router\\index.js:346:12)\n    at next (F:\\Projects\\backend_course\\server\\node_modules\\express\\lib\\router\\index.js:280:10)\n    at Function.handle (F:\\Projects\\backend_course\\server\\node_modules\\express\\lib\\router\\index.js:175:3)\n    at router (F:\\Projects\\backend_course\\server\\node_modules\\express\\lib\\router\\index.js:47:12)\n    at Layer.handle [as handle_request] (F:\\Projects\\backend_course\\server\\node_modules\\express\\lib\\router\\layer.js:95:5)\n    at trim_prefix (F:\\Projects\\backend_course\\server\\node_modules\\express\\lib\\router\\index.js:328:13)\n    at F:\\Projects\\backend_course\\server\\node_modules\\express\\lib\\router\\index.js:286:9\n    at Function.process_params (F:\\Projects\\backend_course\\server\\node_modules\\express\\lib\\router\\index.js:346:12)\n    at next (F:\\Projects\\backend_course\\server\\node_modules\\express\\lib\\router\\index.js:280:10)\n    at F:\\Projects\\backend_course\\server\\node_modules\\body-parser\\lib\\read.js:137:5\n    at AsyncResource.runInAsyncScope (node:async_hooks:206:9)\n    at invokeCallback (F:\\Projects\\backend_course\\server\\node_modules\\raw-body\\index.js:238:16)\n    at done (F:\\Projects\\backend_course\\server\\node_modules\\raw-body\\index.js:227:7)\n    at IncomingMessage.onEnd (F:\\Projects\\backend_course\\server\\node_modules\\raw-body\\index.js:287:7)\n    at IncomingMessage.emit (node:events:514:28)\n    at endReadableNT (node:internal/streams/readable:1408:12)\n    at processTicksAndRejections (node:internal/process/task_queues:82:21)"}
{"level":30,"time":1722700818559,"pid":24528,"hostname":"DESKTOP-2CN94RD","app":"express_server","msg":"Server successfully started on port: 3001"}
{"level":50,"time":1722700838022,"pid":56032,"hostname":"DESKTOP-2CN94RD","app":"express_server","msg":"EntityMetadataNotFoundError: No metadata for \"User\" was found.\n    at DataSource.getMetadata (F:\\Projects\\backend_course\\server\\src\\data-source\\DataSource.ts:450:30)\n    at Repository.get metadata [as metadata] (F:\\Projects\\backend_course\\server\\src\\repository\\Repository.ts:53:40)\n    at Repository.findOneBy (F:\\Projects\\backend_course\\server\\src\\repository\\Repository.ts:607:44)\n    at UserService.<anonymous> (F:\\Projects\\backend_course\\server\\src\\services\\user.service.ts:12:57)\n    at Generator.next (<anonymous>)\n    at F:\\Projects\\backend_course\\server\\src\\services\\user.service.ts:8:71\n    at new Promise (<anonymous>)\n    at Object.<anonymous>.__awaiter (F:\\Projects\\backend_course\\server\\src\\services\\user.service.ts:4:12)\n    at UserService.getUserByUsername (F:\\Projects\\backend_course\\server\\src\\services\\user.service.ts:11:61)\n    at AuthController.<anonymous> (F:\\Projects\\backend_course\\server\\src\\controllers\\auth.controller.ts:24:44)\n    at Generator.next (<anonymous>)\n    at F:\\Projects\\backend_course\\server\\src\\controllers\\auth.controller.ts:8:71\n    at new Promise (<anonymous>)\n    at Object.<anonymous>.__awaiter (F:\\Projects\\backend_course\\server\\src\\controllers\\auth.controller.ts:4:12)\n    at AuthController.signIn (F:\\Projects\\backend_course\\server\\src\\controllers\\auth.controller.ts:13:109)\n    at Layer.handle [as handle_request] (F:\\Projects\\backend_course\\server\\node_modules\\express\\lib\\router\\layer.js:95:5)\n    at next (F:\\Projects\\backend_course\\server\\node_modules\\express\\lib\\router\\route.js:149:13)\n    at Route.dispatch (F:\\Projects\\backend_course\\server\\node_modules\\express\\lib\\router\\route.js:119:3)\n    at Layer.handle [as handle_request] (F:\\Projects\\backend_course\\server\\node_modules\\express\\lib\\router\\layer.js:95:5)\n    at F:\\Projects\\backend_course\\server\\node_modules\\express\\lib\\router\\index.js:284:15\n    at Function.process_params (F:\\Projects\\backend_course\\server\\node_modules\\express\\lib\\router\\index.js:346:12)\n    at next (F:\\Projects\\backend_course\\server\\node_modules\\express\\lib\\router\\index.js:280:10)\n    at Function.handle (F:\\Projects\\backend_course\\server\\node_modules\\express\\lib\\router\\index.js:175:3)\n    at router (F:\\Projects\\backend_course\\server\\node_modules\\express\\lib\\router\\index.js:47:12)\n    at Layer.handle [as handle_request] (F:\\Projects\\backend_course\\server\\node_modules\\express\\lib\\router\\layer.js:95:5)\n    at trim_prefix (F:\\Projects\\backend_course\\server\\node_modules\\express\\lib\\router\\index.js:328:13)\n    at F:\\Projects\\backend_course\\server\\node_modules\\express\\lib\\router\\index.js:286:9\n    at Function.process_params (F:\\Projects\\backend_course\\server\\node_modules\\express\\lib\\router\\index.js:346:12)\n    at next (F:\\Projects\\backend_course\\server\\node_modules\\express\\lib\\router\\index.js:280:10)\n    at F:\\Projects\\backend_course\\server\\node_modules\\body-parser\\lib\\read.js:137:5\n    at AsyncResource.runInAsyncScope (node:async_hooks:206:9)\n    at invokeCallback (F:\\Projects\\backend_course\\server\\node_modules\\raw-body\\index.js:238:16)\n    at done (F:\\Projects\\backend_course\\server\\node_modules\\raw-body\\index.js:227:7)\n    at IncomingMessage.onEnd (F:\\Projects\\backend_course\\server\\node_modules\\raw-body\\index.js:287:7)\n    at IncomingMessage.emit (node:events:514:28)\n    at endReadableNT (node:internal/streams/readable:1408:12)\n    at processTicksAndRejections (node:internal/process/task_queues:82:21)"}
{"level":30,"time":1722700838167,"pid":56032,"hostname":"DESKTOP-2CN94RD","app":"express_server","msg":"Server successfully started on port: 3001"}
{"level":50,"time":1722700892704,"pid":48744,"hostname":"DESKTOP-2CN94RD","app":"express_server","msg":"EntityMetadataNotFoundError: No metadata for \"User\" was found.\n    at DataSource.getMetadata (F:\\Projects\\backend_course\\server\\src\\data-source\\DataSource.ts:450:30)\n    at Repository.get metadata [as metadata] (F:\\Projects\\backend_course\\server\\src\\repository\\Repository.ts:53:40)\n    at Repository.findOneBy (F:\\Projects\\backend_course\\server\\src\\repository\\Repository.ts:607:44)\n    at UserService.<anonymous> (F:\\Projects\\backend_course\\server\\src\\services\\user.service.ts:12:57)\n    at Generator.next (<anonymous>)\n    at F:\\Projects\\backend_course\\server\\src\\services\\user.service.ts:8:71\n    at new Promise (<anonymous>)\n    at Object.<anonymous>.__awaiter (F:\\Projects\\backend_course\\server\\src\\services\\user.service.ts:4:12)\n    at UserService.getUserByUsername (F:\\Projects\\backend_course\\server\\src\\services\\user.service.ts:11:61)\n    at AuthController.<anonymous> (F:\\Projects\\backend_course\\server\\src\\controllers\\auth.controller.ts:24:44)\n    at Generator.next (<anonymous>)\n    at F:\\Projects\\backend_course\\server\\src\\controllers\\auth.controller.ts:8:71\n    at new Promise (<anonymous>)\n    at Object.<anonymous>.__awaiter (F:\\Projects\\backend_course\\server\\src\\controllers\\auth.controller.ts:4:12)\n    at AuthController.signIn (F:\\Projects\\backend_course\\server\\src\\controllers\\auth.controller.ts:13:109)\n    at Layer.handle [as handle_request] (F:\\Projects\\backend_course\\server\\node_modules\\express\\lib\\router\\layer.js:95:5)\n    at next (F:\\Projects\\backend_course\\server\\node_modules\\express\\lib\\router\\route.js:149:13)\n    at Route.dispatch (F:\\Projects\\backend_course\\server\\node_modules\\express\\lib\\router\\route.js:119:3)\n    at Layer.handle [as handle_request] (F:\\Projects\\backend_course\\server\\node_modules\\express\\lib\\router\\layer.js:95:5)\n    at F:\\Projects\\backend_course\\server\\node_modules\\express\\lib\\router\\index.js:284:15\n    at Function.process_params (F:\\Projects\\backend_course\\server\\node_modules\\express\\lib\\router\\index.js:346:12)\n    at next (F:\\Projects\\backend_course\\server\\node_modules\\express\\lib\\router\\index.js:280:10)\n    at Function.handle (F:\\Projects\\backend_course\\server\\node_modules\\express\\lib\\router\\index.js:175:3)\n    at router (F:\\Projects\\backend_course\\server\\node_modules\\express\\lib\\router\\index.js:47:12)\n    at Layer.handle [as handle_request] (F:\\Projects\\backend_course\\server\\node_modules\\express\\lib\\router\\layer.js:95:5)\n    at trim_prefix (F:\\Projects\\backend_course\\server\\node_modules\\express\\lib\\router\\index.js:328:13)\n    at F:\\Projects\\backend_course\\server\\node_modules\\express\\lib\\router\\index.js:286:9\n    at Function.process_params (F:\\Projects\\backend_course\\server\\node_modules\\express\\lib\\router\\index.js:346:12)\n    at next (F:\\Projects\\backend_course\\server\\node_modules\\express\\lib\\router\\index.js:280:10)\n    at F:\\Projects\\backend_course\\server\\node_modules\\body-parser\\lib\\read.js:137:5\n    at AsyncResource.runInAsyncScope (node:async_hooks:206:9)\n    at invokeCallback (F:\\Projects\\backend_course\\server\\node_modules\\raw-body\\index.js:238:16)\n    at done (F:\\Projects\\backend_course\\server\\node_modules\\raw-body\\index.js:227:7)\n    at IncomingMessage.onEnd (F:\\Projects\\backend_course\\server\\node_modules\\raw-body\\index.js:287:7)\n    at IncomingMessage.emit (node:events:514:28)\n    at endReadableNT (node:internal/streams/readable:1408:12)\n    at processTicksAndRejections (node:internal/process/task_queues:82:21)"}
{"level":30,"time":1722700892841,"pid":48744,"hostname":"DESKTOP-2CN94RD","app":"express_server","msg":"Server successfully started on port: 3001"}
{"level":50,"time":1722700985426,"pid":16688,"hostname":"DESKTOP-2CN94RD","app":"express_server","msg":"EntityMetadataNotFoundError: No metadata for \"User\" was found.\n    at DataSource.getMetadata (F:\\Projects\\backend_course\\server\\src\\data-source\\DataSource.ts:450:30)\n    at Repository.get metadata [as metadata] (F:\\Projects\\backend_course\\server\\src\\repository\\Repository.ts:53:40)\n    at Repository.findOneBy (F:\\Projects\\backend_course\\server\\src\\repository\\Repository.ts:607:44)\n    at UserService.<anonymous> (F:\\Projects\\backend_course\\server\\src\\services\\user.service.ts:12:57)\n    at Generator.next (<anonymous>)\n    at F:\\Projects\\backend_course\\server\\src\\services\\user.service.ts:8:71\n    at new Promise (<anonymous>)\n    at Object.<anonymous>.__awaiter (F:\\Projects\\backend_course\\server\\src\\services\\user.service.ts:4:12)\n    at UserService.getUserByUsername (F:\\Projects\\backend_course\\server\\src\\services\\user.service.ts:11:61)\n    at AuthController.<anonymous> (F:\\Projects\\backend_course\\server\\src\\controllers\\auth.controller.ts:24:44)\n    at Generator.next (<anonymous>)\n    at F:\\Projects\\backend_course\\server\\src\\controllers\\auth.controller.ts:8:71\n    at new Promise (<anonymous>)\n    at Object.<anonymous>.__awaiter (F:\\Projects\\backend_course\\server\\src\\controllers\\auth.controller.ts:4:12)\n    at AuthController.signIn (F:\\Projects\\backend_course\\server\\src\\controllers\\auth.controller.ts:13:109)\n    at Layer.handle [as handle_request] (F:\\Projects\\backend_course\\server\\node_modules\\express\\lib\\router\\layer.js:95:5)\n    at next (F:\\Projects\\backend_course\\server\\node_modules\\express\\lib\\router\\route.js:149:13)\n    at Route.dispatch (F:\\Projects\\backend_course\\server\\node_modules\\express\\lib\\router\\route.js:119:3)\n    at Layer.handle [as handle_request] (F:\\Projects\\backend_course\\server\\node_modules\\express\\lib\\router\\layer.js:95:5)\n    at F:\\Projects\\backend_course\\server\\node_modules\\express\\lib\\router\\index.js:284:15\n    at Function.process_params (F:\\Projects\\backend_course\\server\\node_modules\\express\\lib\\router\\index.js:346:12)\n    at next (F:\\Projects\\backend_course\\server\\node_modules\\express\\lib\\router\\index.js:280:10)\n    at Function.handle (F:\\Projects\\backend_course\\server\\node_modules\\express\\lib\\router\\index.js:175:3)\n    at router (F:\\Projects\\backend_course\\server\\node_modules\\express\\lib\\router\\index.js:47:12)\n    at Layer.handle [as handle_request] (F:\\Projects\\backend_course\\server\\node_modules\\express\\lib\\router\\layer.js:95:5)\n    at trim_prefix (F:\\Projects\\backend_course\\server\\node_modules\\express\\lib\\router\\index.js:328:13)\n    at F:\\Projects\\backend_course\\server\\node_modules\\express\\lib\\router\\index.js:286:9\n    at Function.process_params (F:\\Projects\\backend_course\\server\\node_modules\\express\\lib\\router\\index.js:346:12)\n    at next (F:\\Projects\\backend_course\\server\\node_modules\\express\\lib\\router\\index.js:280:10)\n    at F:\\Projects\\backend_course\\server\\node_modules\\body-parser\\lib\\read.js:137:5\n    at AsyncResource.runInAsyncScope (node:async_hooks:206:9)\n    at invokeCallback (F:\\Projects\\backend_course\\server\\node_modules\\raw-body\\index.js:238:16)\n    at done (F:\\Projects\\backend_course\\server\\node_modules\\raw-body\\index.js:227:7)\n    at IncomingMessage.onEnd (F:\\Projects\\backend_course\\server\\node_modules\\raw-body\\index.js:287:7)\n    at IncomingMessage.emit (node:events:514:28)\n    at endReadableNT (node:internal/streams/readable:1408:12)\n    at processTicksAndRejections (node:internal/process/task_queues:82:21)"}
{"level":30,"time":1722700985566,"pid":16688,"hostname":"DESKTOP-2CN94RD","app":"express_server","msg":"Server successfully started on port: 3001"}
{"level":50,"time":1722701132118,"pid":56724,"hostname":"DESKTOP-2CN94RD","app":"express_server","msg":"EntityMetadataNotFoundError: No metadata for \"User\" was found.\n    at DataSource.getMetadata (F:\\Projects\\backend_course\\server\\src\\data-source\\DataSource.ts:450:30)\n    at Repository.get metadata [as metadata] (F:\\Projects\\backend_course\\server\\src\\repository\\Repository.ts:53:40)\n    at Repository.findOneBy (F:\\Projects\\backend_course\\server\\src\\repository\\Repository.ts:607:44)\n    at UserService.<anonymous> (F:\\Projects\\backend_course\\server\\src\\services\\user.service.ts:12:57)\n    at Generator.next (<anonymous>)\n    at F:\\Projects\\backend_course\\server\\src\\services\\user.service.ts:8:71\n    at new Promise (<anonymous>)\n    at Object.<anonymous>.__awaiter (F:\\Projects\\backend_course\\server\\src\\services\\user.service.ts:4:12)\n    at UserService.getUserByUsername (F:\\Projects\\backend_course\\server\\src\\services\\user.service.ts:11:61)\n    at AuthController.<anonymous> (F:\\Projects\\backend_course\\server\\src\\controllers\\auth.controller.ts:24:44)\n    at Generator.next (<anonymous>)\n    at F:\\Projects\\backend_course\\server\\src\\controllers\\auth.controller.ts:8:71\n    at new Promise (<anonymous>)\n    at Object.<anonymous>.__awaiter (F:\\Projects\\backend_course\\server\\src\\controllers\\auth.controller.ts:4:12)\n    at AuthController.signIn (F:\\Projects\\backend_course\\server\\src\\controllers\\auth.controller.ts:13:109)\n    at Layer.handle [as handle_request] (F:\\Projects\\backend_course\\server\\node_modules\\express\\lib\\router\\layer.js:95:5)\n    at next (F:\\Projects\\backend_course\\server\\node_modules\\express\\lib\\router\\route.js:149:13)\n    at Route.dispatch (F:\\Projects\\backend_course\\server\\node_modules\\express\\lib\\router\\route.js:119:3)\n    at Layer.handle [as handle_request] (F:\\Projects\\backend_course\\server\\node_modules\\express\\lib\\router\\layer.js:95:5)\n    at F:\\Projects\\backend_course\\server\\node_modules\\express\\lib\\router\\index.js:284:15\n    at Function.process_params (F:\\Projects\\backend_course\\server\\node_modules\\express\\lib\\router\\index.js:346:12)\n    at next (F:\\Projects\\backend_course\\server\\node_modules\\express\\lib\\router\\index.js:280:10)\n    at Function.handle (F:\\Projects\\backend_course\\server\\node_modules\\express\\lib\\router\\index.js:175:3)\n    at router (F:\\Projects\\backend_course\\server\\node_modules\\express\\lib\\router\\index.js:47:12)\n    at Layer.handle [as handle_request] (F:\\Projects\\backend_course\\server\\node_modules\\express\\lib\\router\\layer.js:95:5)\n    at trim_prefix (F:\\Projects\\backend_course\\server\\node_modules\\express\\lib\\router\\index.js:328:13)\n    at F:\\Projects\\backend_course\\server\\node_modules\\express\\lib\\router\\index.js:286:9\n    at Function.process_params (F:\\Projects\\backend_course\\server\\node_modules\\express\\lib\\router\\index.js:346:12)\n    at next (F:\\Projects\\backend_course\\server\\node_modules\\express\\lib\\router\\index.js:280:10)\n    at F:\\Projects\\backend_course\\server\\node_modules\\body-parser\\lib\\read.js:137:5\n    at AsyncResource.runInAsyncScope (node:async_hooks:206:9)\n    at invokeCallback (F:\\Projects\\backend_course\\server\\node_modules\\raw-body\\index.js:238:16)\n    at done (F:\\Projects\\backend_course\\server\\node_modules\\raw-body\\index.js:227:7)\n    at IncomingMessage.onEnd (F:\\Projects\\backend_course\\server\\node_modules\\raw-body\\index.js:287:7)\n    at IncomingMessage.emit (node:events:514:28)\n    at endReadableNT (node:internal/streams/readable:1408:12)\n    at processTicksAndRejections (node:internal/process/task_queues:82:21)"}
{"level":30,"time":1722701132258,"pid":56724,"hostname":"DESKTOP-2CN94RD","app":"express_server","msg":"Server successfully started on port: 3001"}
{"level":50,"time":1722701574327,"pid":23352,"hostname":"DESKTOP-2CN94RD","app":"express_server","msg":"EntityMetadataNotFoundError: No metadata for \"User\" was found.\n    at DataSource.getMetadata (F:\\Projects\\backend_course\\server\\src\\data-source\\DataSource.ts:450:30)\n    at Repository.get metadata [as metadata] (F:\\Projects\\backend_course\\server\\src\\repository\\Repository.ts:53:40)\n    at Repository.findOneBy (F:\\Projects\\backend_course\\server\\src\\repository\\Repository.ts:607:44)\n    at UserService.<anonymous> (F:\\Projects\\backend_course\\server\\src\\services\\user.service.ts:12:57)\n    at Generator.next (<anonymous>)\n    at F:\\Projects\\backend_course\\server\\src\\services\\user.service.ts:8:71\n    at new Promise (<anonymous>)\n    at Object.<anonymous>.__awaiter (F:\\Projects\\backend_course\\server\\src\\services\\user.service.ts:4:12)\n    at UserService.getUserByUsername (F:\\Projects\\backend_course\\server\\src\\services\\user.service.ts:11:61)\n    at AuthController.<anonymous> (F:\\Projects\\backend_course\\server\\src\\controllers\\auth.controller.ts:24:44)\n    at Generator.next (<anonymous>)\n    at F:\\Projects\\backend_course\\server\\src\\controllers\\auth.controller.ts:8:71\n    at new Promise (<anonymous>)\n    at Object.<anonymous>.__awaiter (F:\\Projects\\backend_course\\server\\src\\controllers\\auth.controller.ts:4:12)\n    at AuthController.signIn (F:\\Projects\\backend_course\\server\\src\\controllers\\auth.controller.ts:13:109)\n    at Layer.handle [as handle_request] (F:\\Projects\\backend_course\\server\\node_modules\\express\\lib\\router\\layer.js:95:5)\n    at next (F:\\Projects\\backend_course\\server\\node_modules\\express\\lib\\router\\route.js:149:13)\n    at Route.dispatch (F:\\Projects\\backend_course\\server\\node_modules\\express\\lib\\router\\route.js:119:3)\n    at Layer.handle [as handle_request] (F:\\Projects\\backend_course\\server\\node_modules\\express\\lib\\router\\layer.js:95:5)\n    at F:\\Projects\\backend_course\\server\\node_modules\\express\\lib\\router\\index.js:284:15\n    at Function.process_params (F:\\Projects\\backend_course\\server\\node_modules\\express\\lib\\router\\index.js:346:12)\n    at next (F:\\Projects\\backend_course\\server\\node_modules\\express\\lib\\router\\index.js:280:10)\n    at Function.handle (F:\\Projects\\backend_course\\server\\node_modules\\express\\lib\\router\\index.js:175:3)\n    at router (F:\\Projects\\backend_course\\server\\node_modules\\express\\lib\\router\\index.js:47:12)\n    at Layer.handle [as handle_request] (F:\\Projects\\backend_course\\server\\node_modules\\express\\lib\\router\\layer.js:95:5)\n    at trim_prefix (F:\\Projects\\backend_course\\server\\node_modules\\express\\lib\\router\\index.js:328:13)\n    at F:\\Projects\\backend_course\\server\\node_modules\\express\\lib\\router\\index.js:286:9\n    at Function.process_params (F:\\Projects\\backend_course\\server\\node_modules\\express\\lib\\router\\index.js:346:12)\n    at next (F:\\Projects\\backend_course\\server\\node_modules\\express\\lib\\router\\index.js:280:10)\n    at F:\\Projects\\backend_course\\server\\node_modules\\body-parser\\lib\\read.js:137:5\n    at AsyncResource.runInAsyncScope (node:async_hooks:206:9)\n    at invokeCallback (F:\\Projects\\backend_course\\server\\node_modules\\raw-body\\index.js:238:16)\n    at done (F:\\Projects\\backend_course\\server\\node_modules\\raw-body\\index.js:227:7)\n    at IncomingMessage.onEnd (F:\\Projects\\backend_course\\server\\node_modules\\raw-body\\index.js:287:7)\n    at IncomingMessage.emit (node:events:514:28)\n    at endReadableNT (node:internal/streams/readable:1408:12)\n    at processTicksAndRejections (node:internal/process/task_queues:82:21)"}
{"level":30,"time":1722701574499,"pid":23352,"hostname":"DESKTOP-2CN94RD","app":"express_server","msg":"Server successfully started on port: 3001"}
{"level":50,"time":1722701666775,"pid":18444,"hostname":"DESKTOP-2CN94RD","app":"express_server","msg":"EntityMetadataNotFoundError: No metadata for \"User\" was found.\n    at DataSource.getMetadata (F:\\Projects\\backend_course\\server\\src\\data-source\\DataSource.ts:450:30)\n    at Repository.get metadata [as metadata] (F:\\Projects\\backend_course\\server\\src\\repository\\Repository.ts:53:40)\n    at Repository.findOneBy (F:\\Projects\\backend_course\\server\\src\\repository\\Repository.ts:607:44)\n    at UserService.<anonymous> (F:\\Projects\\backend_course\\server\\src\\services\\user.service.ts:12:57)\n    at Generator.next (<anonymous>)\n    at F:\\Projects\\backend_course\\server\\src\\services\\user.service.ts:8:71\n    at new Promise (<anonymous>)\n    at Object.<anonymous>.__awaiter (F:\\Projects\\backend_course\\server\\src\\services\\user.service.ts:4:12)\n    at UserService.getUserByUsername (F:\\Projects\\backend_course\\server\\src\\services\\user.service.ts:11:61)\n    at AuthController.<anonymous> (F:\\Projects\\backend_course\\server\\src\\controllers\\auth.controller.ts:24:44)\n    at Generator.next (<anonymous>)\n    at F:\\Projects\\backend_course\\server\\src\\controllers\\auth.controller.ts:8:71\n    at new Promise (<anonymous>)\n    at Object.<anonymous>.__awaiter (F:\\Projects\\backend_course\\server\\src\\controllers\\auth.controller.ts:4:12)\n    at AuthController.signIn (F:\\Projects\\backend_course\\server\\src\\controllers\\auth.controller.ts:13:109)\n    at Layer.handle [as handle_request] (F:\\Projects\\backend_course\\server\\node_modules\\express\\lib\\router\\layer.js:95:5)\n    at next (F:\\Projects\\backend_course\\server\\node_modules\\express\\lib\\router\\route.js:149:13)\n    at Route.dispatch (F:\\Projects\\backend_course\\server\\node_modules\\express\\lib\\router\\route.js:119:3)\n    at Layer.handle [as handle_request] (F:\\Projects\\backend_course\\server\\node_modules\\express\\lib\\router\\layer.js:95:5)\n    at F:\\Projects\\backend_course\\server\\node_modules\\express\\lib\\router\\index.js:284:15\n    at Function.process_params (F:\\Projects\\backend_course\\server\\node_modules\\express\\lib\\router\\index.js:346:12)\n    at next (F:\\Projects\\backend_course\\server\\node_modules\\express\\lib\\router\\index.js:280:10)\n    at Function.handle (F:\\Projects\\backend_course\\server\\node_modules\\express\\lib\\router\\index.js:175:3)\n    at router (F:\\Projects\\backend_course\\server\\node_modules\\express\\lib\\router\\index.js:47:12)\n    at Layer.handle [as handle_request] (F:\\Projects\\backend_course\\server\\node_modules\\express\\lib\\router\\layer.js:95:5)\n    at trim_prefix (F:\\Projects\\backend_course\\server\\node_modules\\express\\lib\\router\\index.js:328:13)\n    at F:\\Projects\\backend_course\\server\\node_modules\\express\\lib\\router\\index.js:286:9\n    at Function.process_params (F:\\Projects\\backend_course\\server\\node_modules\\express\\lib\\router\\index.js:346:12)\n    at next (F:\\Projects\\backend_course\\server\\node_modules\\express\\lib\\router\\index.js:280:10)\n    at F:\\Projects\\backend_course\\server\\node_modules\\body-parser\\lib\\read.js:137:5\n    at AsyncResource.runInAsyncScope (node:async_hooks:206:9)\n    at invokeCallback (F:\\Projects\\backend_course\\server\\node_modules\\raw-body\\index.js:238:16)\n    at done (F:\\Projects\\backend_course\\server\\node_modules\\raw-body\\index.js:227:7)\n    at IncomingMessage.onEnd (F:\\Projects\\backend_course\\server\\node_modules\\raw-body\\index.js:287:7)\n    at IncomingMessage.emit (node:events:514:28)\n    at endReadableNT (node:internal/streams/readable:1408:12)\n    at processTicksAndRejections (node:internal/process/task_queues:82:21)"}
{"level":30,"time":1722701666935,"pid":18444,"hostname":"DESKTOP-2CN94RD","app":"express_server","msg":"Server successfully started on port: 3001"}
{"level":50,"time":1722701708245,"pid":55980,"hostname":"DESKTOP-2CN94RD","app":"express_server","msg":"EntityMetadataNotFoundError: No metadata for \"User\" was found.\n    at DataSource.getMetadata (F:\\Projects\\backend_course\\server\\src\\data-source\\DataSource.ts:450:30)\n    at Repository.get metadata [as metadata] (F:\\Projects\\backend_course\\server\\src\\repository\\Repository.ts:53:40)\n    at Repository.findOneBy (F:\\Projects\\backend_course\\server\\src\\repository\\Repository.ts:607:44)\n    at UserService.<anonymous> (F:\\Projects\\backend_course\\server\\src\\services\\user.service.ts:12:57)\n    at Generator.next (<anonymous>)\n    at F:\\Projects\\backend_course\\server\\src\\services\\user.service.ts:8:71\n    at new Promise (<anonymous>)\n    at Object.<anonymous>.__awaiter (F:\\Projects\\backend_course\\server\\src\\services\\user.service.ts:4:12)\n    at UserService.getUserByUsername (F:\\Projects\\backend_course\\server\\src\\services\\user.service.ts:11:61)\n    at AuthController.<anonymous> (F:\\Projects\\backend_course\\server\\src\\controllers\\auth.controller.ts:24:44)\n    at Generator.next (<anonymous>)\n    at F:\\Projects\\backend_course\\server\\src\\controllers\\auth.controller.ts:8:71\n    at new Promise (<anonymous>)\n    at Object.<anonymous>.__awaiter (F:\\Projects\\backend_course\\server\\src\\controllers\\auth.controller.ts:4:12)\n    at AuthController.signIn (F:\\Projects\\backend_course\\server\\src\\controllers\\auth.controller.ts:13:109)\n    at Layer.handle [as handle_request] (F:\\Projects\\backend_course\\server\\node_modules\\express\\lib\\router\\layer.js:95:5)\n    at next (F:\\Projects\\backend_course\\server\\node_modules\\express\\lib\\router\\route.js:149:13)\n    at Route.dispatch (F:\\Projects\\backend_course\\server\\node_modules\\express\\lib\\router\\route.js:119:3)\n    at Layer.handle [as handle_request] (F:\\Projects\\backend_course\\server\\node_modules\\express\\lib\\router\\layer.js:95:5)\n    at F:\\Projects\\backend_course\\server\\node_modules\\express\\lib\\router\\index.js:284:15\n    at Function.process_params (F:\\Projects\\backend_course\\server\\node_modules\\express\\lib\\router\\index.js:346:12)\n    at next (F:\\Projects\\backend_course\\server\\node_modules\\express\\lib\\router\\index.js:280:10)\n    at Function.handle (F:\\Projects\\backend_course\\server\\node_modules\\express\\lib\\router\\index.js:175:3)\n    at router (F:\\Projects\\backend_course\\server\\node_modules\\express\\lib\\router\\index.js:47:12)\n    at Layer.handle [as handle_request] (F:\\Projects\\backend_course\\server\\node_modules\\express\\lib\\router\\layer.js:95:5)\n    at trim_prefix (F:\\Projects\\backend_course\\server\\node_modules\\express\\lib\\router\\index.js:328:13)\n    at F:\\Projects\\backend_course\\server\\node_modules\\express\\lib\\router\\index.js:286:9\n    at Function.process_params (F:\\Projects\\backend_course\\server\\node_modules\\express\\lib\\router\\index.js:346:12)\n    at next (F:\\Projects\\backend_course\\server\\node_modules\\express\\lib\\router\\index.js:280:10)\n    at F:\\Projects\\backend_course\\server\\node_modules\\body-parser\\lib\\read.js:137:5\n    at AsyncResource.runInAsyncScope (node:async_hooks:206:9)\n    at invokeCallback (F:\\Projects\\backend_course\\server\\node_modules\\raw-body\\index.js:238:16)\n    at done (F:\\Projects\\backend_course\\server\\node_modules\\raw-body\\index.js:227:7)\n    at IncomingMessage.onEnd (F:\\Projects\\backend_course\\server\\node_modules\\raw-body\\index.js:287:7)\n    at IncomingMessage.emit (node:events:514:28)\n    at endReadableNT (node:internal/streams/readable:1408:12)\n    at processTicksAndRejections (node:internal/process/task_queues:82:21)"}
{"level":30,"time":1722701708397,"pid":55980,"hostname":"DESKTOP-2CN94RD","app":"express_server","msg":"Server successfully started on port: 3001"}
{"level":30,"time":1722701822150,"pid":24568,"hostname":"DESKTOP-2CN94RD","app":"express_server","msg":"Server successfully started on port: 3001"}
{"level":30,"time":1722702433913,"pid":57132,"hostname":"DESKTOP-2CN94RD","app":"express_server","msg":"Server successfully started on port: 3001"}
{"level":30,"time":1722703504841,"pid":36068,"hostname":"DESKTOP-2CN94RD","app":"express_server","msg":"Server successfully started on port: 3001"}
{"level":30,"time":1722703533040,"pid":13816,"hostname":"DESKTOP-2CN94RD","app":"express_server","msg":"Server successfully started on port: 3001"}
{"level":30,"time":1722703947698,"pid":55580,"hostname":"DESKTOP-2CN94RD","app":"express_server","msg":"Server successfully started on port: 3001"}
{"level":30,"time":1722704839645,"pid":56524,"hostname":"DESKTOP-2CN94RD","app":"express_server","msg":"Server successfully started on port: 3001"}
{"level":30,"time":1722704905038,"pid":53764,"hostname":"DESKTOP-2CN94RD","app":"express_server","msg":"Server successfully started on port: 3001"}
{"level":30,"time":1722704980018,"pid":38728,"hostname":"DESKTOP-2CN94RD","app":"express_server","msg":"Server successfully started on port: 3001"}
{"level":30,"time":1722705037543,"pid":53688,"hostname":"DESKTOP-2CN94RD","app":"express_server","msg":"Server successfully started on port: 3001"}
{"level":30,"time":1722705124460,"pid":54572,"hostname":"DESKTOP-2CN94RD","app":"express_server","msg":"Server successfully started on port: 3001"}
{"level":30,"time":1722705162316,"pid":31212,"hostname":"DESKTOP-2CN94RD","app":"express_server","msg":"Server successfully started on port: 3001"}
{"level":30,"time":1722705248016,"pid":56808,"hostname":"DESKTOP-2CN94RD","app":"express_server","msg":"Server successfully started on port: 3001"}
{"level":30,"time":1722705292117,"pid":55956,"hostname":"DESKTOP-2CN94RD","app":"express_server","msg":"Server successfully started on port: 3001"}
{"level":30,"time":1722705361886,"pid":44004,"hostname":"DESKTOP-2CN94RD","app":"express_server","msg":"Server successfully started on port: 3001"}
{"level":30,"time":1722705431974,"pid":34396,"hostname":"DESKTOP-2CN94RD","app":"express_server","msg":"Server successfully started on port: 3001"}
{"level":30,"time":1722705526032,"pid":34632,"hostname":"DESKTOP-2CN94RD","app":"express_server","msg":"Server successfully started on port: 3001"}
{"level":30,"time":1722705733371,"pid":56976,"hostname":"DESKTOP-2CN94RD","app":"express_server","msg":"Server successfully started on port: 3001"}
{"level":30,"time":1722705797749,"pid":52532,"hostname":"DESKTOP-2CN94RD","app":"express_server","msg":"Server successfully started on port: 3001"}
{"level":30,"time":1722705851228,"pid":49644,"hostname":"DESKTOP-2CN94RD","app":"express_server","msg":"Server successfully started on port: 3001"}
{"level":30,"time":1722706083558,"pid":19956,"hostname":"DESKTOP-2CN94RD","app":"express_server","msg":"Server successfully started on port: 3001"}
{"level":30,"time":1722706199431,"pid":57044,"hostname":"DESKTOP-2CN94RD","app":"express_server","msg":"Server successfully started on port: 3001"}
{"level":30,"time":1722706464993,"pid":46256,"hostname":"DESKTOP-2CN94RD","app":"express_server","msg":"Server successfully started on port: 3001"}
{"level":30,"time":1722706643265,"pid":33144,"hostname":"DESKTOP-2CN94RD","app":"express_server","msg":"Server successfully started on port: 3001"}
